{
  "E:/work/rs/react/component/deploy1/React2023Q1/src/pages/AboutPage/AboutUs.tsx": {
    "path": "E:/work/rs/react/component/deploy1/React2023Q1/src/pages/AboutPage/AboutUs.tsx",
    "statementMap": {
      "0": {
        "start": {
          "line": 5,
          "column": 0
        },
        "end": {
          "line": 15,
          "column": 1
        }
      },
      "1": {
        "start": {
          "line": 6,
          "column": 2
        },
        "end": {
          "line": 8,
          "column": 3
        }
      },
      "2": {
        "start": {
          "line": 7,
          "column": 4
        },
        "end": {
          "line": 7,
          "column": 165
        }
      },
      "3": {
        "start": {
          "line": 9,
          "column": 2
        },
        "end": {
          "line": 9,
          "column": 39
        }
      },
      "4": {
        "start": {
          "line": 10,
          "column": 2
        },
        "end": {
          "line": 10,
          "column": 39
        }
      },
      "5": {
        "start": {
          "line": 11,
          "column": 2
        },
        "end": {
          "line": 13,
          "column": 4
        }
      },
      "6": {
        "start": {
          "line": 12,
          "column": 4
        },
        "end": {
          "line": 12,
          "column": 122
        }
      },
      "7": {
        "start": {
          "line": 14,
          "column": 2
        },
        "end": {
          "line": 14,
          "column": 75
        }
      },
      "8": {
        "start": {
          "line": 17,
          "column": 16
        },
        "end": {
          "line": 23,
          "column": 1
        }
      },
      "9": {
        "start": {
          "line": 18,
          "column": 2
        },
        "end": {
          "line": 22,
          "column": 11
        }
      },
      "10": {
        "start": {
          "line": 24,
          "column": 0
        },
        "end": {
          "line": 24,
          "column": 13
        }
      },
      "11": {
        "start": {
          "line": 27,
          "column": 0
        },
        "end": {
          "line": 27,
          "column": 28
        }
      },
      "12": {
        "start": {
          "line": 28,
          "column": 0
        },
        "end": {
          "line": 44,
          "column": 1
        }
      },
      "13": {
        "start": {
          "line": 29,
          "column": 2
        },
        "end": {
          "line": 29,
          "column": 39
        }
      },
      "14": {
        "start": {
          "line": 30,
          "column": 2
        },
        "end": {
          "line": 30,
          "column": 39
        }
      },
      "15": {
        "start": {
          "line": 31,
          "column": 2
        },
        "end": {
          "line": 43,
          "column": 5
        }
      },
      "16": {
        "start": {
          "line": 35,
          "column": 4
        },
        "end": {
          "line": 35,
          "column": 148
        }
      },
      "17": {
        "start": {
          "line": 36,
          "column": 4
        },
        "end": {
          "line": 42,
          "column": 7
        }
      },
      "18": {
        "start": {
          "line": 37,
          "column": 6
        },
        "end": {
          "line": 38,
          "column": 15
        }
      },
      "19": {
        "start": {
          "line": 38,
          "column": 8
        },
        "end": {
          "line": 38,
          "column": 15
        }
      },
      "20": {
        "start": {
          "line": 39,
          "column": 32
        },
        "end": {
          "line": 39,
          "column": 115
        }
      },
      "21": {
        "start": {
          "line": 40,
          "column": 6
        },
        "end": {
          "line": 41,
          "column": 54
        }
      },
      "22": {
        "start": {
          "line": 41,
          "column": 8
        },
        "end": {
          "line": 41,
          "column": 54
        }
      }
    },
    "fnMap": {
      "0": {
        "name": "(anonymous_0)",
        "decl": {
          "start": {
            "line": 11,
            "column": 24
          },
          "end": {
            "line": 11,
            "column": 25
          }
        },
        "loc": {
          "start": {
            "line": 11,
            "column": 38
          },
          "end": {
            "line": 13,
            "column": 3
          }
        },
        "line": 11
      },
      "1": {
        "name": "(anonymous_1)",
        "decl": {
          "start": {
            "line": 17,
            "column": 16
          },
          "end": {
            "line": 17,
            "column": 17
          }
        },
        "loc": {
          "start": {
            "line": 17,
            "column": 22
          },
          "end": {
            "line": 23,
            "column": 1
          }
        },
        "line": 17
      },
      "2": {
        "name": "(anonymous_2)",
        "decl": {
          "start": {
            "line": 34,
            "column": 9
          },
          "end": {
            "line": 34,
            "column": 10
          }
        },
        "loc": {
          "start": {
            "line": 34,
            "column": 29
          },
          "end": {
            "line": 43,
            "column": 3
          }
        },
        "line": 34
      },
      "3": {
        "name": "(anonymous_3)",
        "decl": {
          "start": {
            "line": 36,
            "column": 27
          },
          "end": {
            "line": 36,
            "column": 28
          }
        },
        "loc": {
          "start": {
            "line": 36,
            "column": 44
          },
          "end": {
            "line": 42,
            "column": 5
          }
        },
        "line": 36
      }
    },
    "branchMap": {
      "0": {
        "loc": {
          "start": {
            "line": 5,
            "column": 0
          },
          "end": {
            "line": 15,
            "column": 1
          }
        },
        "type": "if",
        "locations": [
          {
            "start": {
              "line": 5,
              "column": 0
            },
            "end": {
              "line": 15,
              "column": 1
            }
          },
          {
            "start": {},
            "end": {}
          }
        ],
        "line": 5
      },
      "1": {
        "loc": {
          "start": {
            "line": 6,
            "column": 2
          },
          "end": {
            "line": 8,
            "column": 3
          }
        },
        "type": "if",
        "locations": [
          {
            "start": {
              "line": 6,
              "column": 2
            },
            "end": {
              "line": 8,
              "column": 3
            }
          },
          {
            "start": {},
            "end": {}
          }
        ],
        "line": 6
      },
      "2": {
        "loc": {
          "start": {
            "line": 28,
            "column": 0
          },
          "end": {
            "line": 44,
            "column": 1
          }
        },
        "type": "if",
        "locations": [
          {
            "start": {
              "line": 28,
              "column": 0
            },
            "end": {
              "line": 44,
              "column": 1
            }
          },
          {
            "start": {},
            "end": {}
          }
        ],
        "line": 28
      },
      "3": {
        "loc": {
          "start": {
            "line": 37,
            "column": 6
          },
          "end": {
            "line": 38,
            "column": 15
          }
        },
        "type": "if",
        "locations": [
          {
            "start": {
              "line": 37,
              "column": 6
            },
            "end": {
              "line": 38,
              "column": 15
            }
          },
          {
            "start": {},
            "end": {}
          }
        ],
        "line": 37
      },
      "4": {
        "loc": {
          "start": {
            "line": 40,
            "column": 6
          },
          "end": {
            "line": 41,
            "column": 54
          }
        },
        "type": "if",
        "locations": [
          {
            "start": {
              "line": 40,
              "column": 6
            },
            "end": {
              "line": 41,
              "column": 54
            }
          },
          {
            "start": {},
            "end": {}
          }
        ],
        "line": 40
      }
    },
    "s": {
      "0": 134,
      "1": 134,
      "2": 0,
      "3": 134,
      "4": 134,
      "5": 134,
      "6": 134,
      "7": 134,
      "8": 134,
      "9": 37,
      "10": 134,
      "11": 134,
      "12": 134,
      "13": 134,
      "14": 134,
      "15": 134,
      "16": 100,
      "17": 100,
      "18": 0,
      "19": 0,
      "20": 0,
      "21": 0,
      "22": 0
    },
    "f": {
      "0": 134,
      "1": 37,
      "2": 100,
      "3": 0
    },
    "b": {
      "0": [
        134,
        0
      ],
      "1": [
        0,
        134
      ],
      "2": [
        134,
        0
      ],
      "3": [
        0,
        0
      ],
      "4": [
        0,
        0
      ]
    },
    "inputSourceMap": {
      "version": 3,
      "mappings": "AAKS;AALT,OAAOA,oBAAkB;AAAA;AAAA;AAAA;AAAA;AAAA;AAAA;AAAA;AAAA;AAAA;AAAA;AAAA;AAAA;AAAA;AAEzB,OAAOC,YAAY;AAEnB,MAAMC,UAAUA,MAAM;AACpB,SAAO,uBAAC,QAAG,WAAWD,OAAOE,SAAS,wBAA/B;AAAA;AAAA;AAAA;AAAA,SAAuC;AAChD;AAAEC,KAFIF;AAIN,eAAeA;AAAQ;AAAAG",
      "names": [
        "React",
        "styles",
        "AboutUs",
        "aboutUs",
        "_c",
        "$RefreshReg$"
      ],
      "sources": [
        "E:/work/rs/react/component/deploy1/React2023Q1/src/pages/AboutPage/AboutUs.tsx"
      ],
      "file": "E:/work/rs/react/component/deploy1/React2023Q1/src/pages/AboutPage/AboutUs.tsx"
    },
    "_coverageSchema": "1a1c01bbd47fc00a2c39e90264f33305004495a9",
    "hash": "1dde83091e206fd66ba9b8d5e5d5cb9b8c102f81"
  },
  "E:/work/rs/react/component/deploy1/React2023Q1/src/components/Card/Card.tsx": {
    "path": "E:/work/rs/react/component/deploy1/React2023Q1/src/components/Card/Card.tsx",
    "statementMap": {
      "0": {
        "start": {
          "line": 5,
          "column": 0
        },
        "end": {
          "line": 15,
          "column": 1
        }
      },
      "1": {
        "start": {
          "line": 6,
          "column": 2
        },
        "end": {
          "line": 8,
          "column": 3
        }
      },
      "2": {
        "start": {
          "line": 7,
          "column": 4
        },
        "end": {
          "line": 7,
          "column": 165
        }
      },
      "3": {
        "start": {
          "line": 9,
          "column": 2
        },
        "end": {
          "line": 9,
          "column": 39
        }
      },
      "4": {
        "start": {
          "line": 10,
          "column": 2
        },
        "end": {
          "line": 10,
          "column": 39
        }
      },
      "5": {
        "start": {
          "line": 11,
          "column": 2
        },
        "end": {
          "line": 13,
          "column": 4
        }
      },
      "6": {
        "start": {
          "line": 12,
          "column": 4
        },
        "end": {
          "line": 12,
          "column": 119
        }
      },
      "7": {
        "start": {
          "line": 14,
          "column": 2
        },
        "end": {
          "line": 14,
          "column": 75
        }
      },
      "8": {
        "start": {
          "line": 17,
          "column": 13
        },
        "end": {
          "line": 118,
          "column": 1
        }
      },
      "9": {
        "start": {
          "line": 31,
          "column": 6
        },
        "end": {
          "line": 31,
          "column": 10
        }
      },
      "10": {
        "start": {
          "line": 32,
          "column": 25
        },
        "end": {
          "line": 35,
          "column": 3
        }
      },
      "11": {
        "start": {
          "line": 33,
          "column": 4
        },
        "end": {
          "line": 33,
          "column": 18
        }
      },
      "12": {
        "start": {
          "line": 34,
          "column": 4
        },
        "end": {
          "line": 34,
          "column": 21
        }
      },
      "13": {
        "start": {
          "line": 36,
          "column": 2
        },
        "end": {
          "line": 117,
          "column": 11
        }
      },
      "14": {
        "start": {
          "line": 119,
          "column": 0
        },
        "end": {
          "line": 119,
          "column": 10
        }
      },
      "15": {
        "start": {
          "line": 122,
          "column": 0
        },
        "end": {
          "line": 122,
          "column": 25
        }
      },
      "16": {
        "start": {
          "line": 123,
          "column": 0
        },
        "end": {
          "line": 139,
          "column": 1
        }
      },
      "17": {
        "start": {
          "line": 124,
          "column": 2
        },
        "end": {
          "line": 124,
          "column": 39
        }
      },
      "18": {
        "start": {
          "line": 125,
          "column": 2
        },
        "end": {
          "line": 125,
          "column": 39
        }
      },
      "19": {
        "start": {
          "line": 126,
          "column": 2
        },
        "end": {
          "line": 138,
          "column": 5
        }
      },
      "20": {
        "start": {
          "line": 130,
          "column": 4
        },
        "end": {
          "line": 130,
          "column": 145
        }
      },
      "21": {
        "start": {
          "line": 131,
          "column": 4
        },
        "end": {
          "line": 137,
          "column": 7
        }
      },
      "22": {
        "start": {
          "line": 132,
          "column": 6
        },
        "end": {
          "line": 133,
          "column": 15
        }
      },
      "23": {
        "start": {
          "line": 133,
          "column": 8
        },
        "end": {
          "line": 133,
          "column": 15
        }
      },
      "24": {
        "start": {
          "line": 134,
          "column": 32
        },
        "end": {
          "line": 134,
          "column": 115
        }
      },
      "25": {
        "start": {
          "line": 135,
          "column": 6
        },
        "end": {
          "line": 136,
          "column": 54
        }
      },
      "26": {
        "start": {
          "line": 136,
          "column": 8
        },
        "end": {
          "line": 136,
          "column": 54
        }
      }
    },
    "fnMap": {
      "0": {
        "name": "(anonymous_0)",
        "decl": {
          "start": {
            "line": 11,
            "column": 24
          },
          "end": {
            "line": 11,
            "column": 25
          }
        },
        "loc": {
          "start": {
            "line": 11,
            "column": 38
          },
          "end": {
            "line": 13,
            "column": 3
          }
        },
        "line": 11
      },
      "1": {
        "name": "(anonymous_1)",
        "decl": {
          "start": {
            "line": 17,
            "column": 13
          },
          "end": {
            "line": 17,
            "column": 14
          }
        },
        "loc": {
          "start": {
            "line": 21,
            "column": 6
          },
          "end": {
            "line": 118,
            "column": 1
          }
        },
        "line": 21
      },
      "2": {
        "name": "(anonymous_2)",
        "decl": {
          "start": {
            "line": 32,
            "column": 25
          },
          "end": {
            "line": 32,
            "column": 26
          }
        },
        "loc": {
          "start": {
            "line": 32,
            "column": 31
          },
          "end": {
            "line": 35,
            "column": 3
          }
        },
        "line": 32
      },
      "3": {
        "name": "(anonymous_3)",
        "decl": {
          "start": {
            "line": 129,
            "column": 9
          },
          "end": {
            "line": 129,
            "column": 10
          }
        },
        "loc": {
          "start": {
            "line": 129,
            "column": 29
          },
          "end": {
            "line": 138,
            "column": 3
          }
        },
        "line": 129
      },
      "4": {
        "name": "(anonymous_4)",
        "decl": {
          "start": {
            "line": 131,
            "column": 27
          },
          "end": {
            "line": 131,
            "column": 28
          }
        },
        "loc": {
          "start": {
            "line": 131,
            "column": 44
          },
          "end": {
            "line": 137,
            "column": 5
          }
        },
        "line": 131
      }
    },
    "branchMap": {
      "0": {
        "loc": {
          "start": {
            "line": 5,
            "column": 0
          },
          "end": {
            "line": 15,
            "column": 1
          }
        },
        "type": "if",
        "locations": [
          {
            "start": {
              "line": 5,
              "column": 0
            },
            "end": {
              "line": 15,
              "column": 1
            }
          },
          {
            "start": {},
            "end": {}
          }
        ],
        "line": 5
      },
      "1": {
        "loc": {
          "start": {
            "line": 6,
            "column": 2
          },
          "end": {
            "line": 8,
            "column": 3
          }
        },
        "type": "if",
        "locations": [
          {
            "start": {
              "line": 6,
              "column": 2
            },
            "end": {
              "line": 8,
              "column": 3
            }
          },
          {
            "start": {},
            "end": {}
          }
        ],
        "line": 6
      },
      "2": {
        "loc": {
          "start": {
            "line": 123,
            "column": 0
          },
          "end": {
            "line": 139,
            "column": 1
          }
        },
        "type": "if",
        "locations": [
          {
            "start": {
              "line": 123,
              "column": 0
            },
            "end": {
              "line": 139,
              "column": 1
            }
          },
          {
            "start": {},
            "end": {}
          }
        ],
        "line": 123
      },
      "3": {
        "loc": {
          "start": {
            "line": 132,
            "column": 6
          },
          "end": {
            "line": 133,
            "column": 15
          }
        },
        "type": "if",
        "locations": [
          {
            "start": {
              "line": 132,
              "column": 6
            },
            "end": {
              "line": 133,
              "column": 15
            }
          },
          {
            "start": {},
            "end": {}
          }
        ],
        "line": 132
      },
      "4": {
        "loc": {
          "start": {
            "line": 135,
            "column": 6
          },
          "end": {
            "line": 136,
            "column": 54
          }
        },
        "type": "if",
        "locations": [
          {
            "start": {
              "line": 135,
              "column": 6
            },
            "end": {
              "line": 136,
              "column": 54
            }
          },
          {
            "start": {},
            "end": {}
          }
        ],
        "line": 135
      }
    },
    "s": {
      "0": 134,
      "1": 134,
      "2": 0,
      "3": 134,
      "4": 134,
      "5": 134,
      "6": 134,
      "7": 134,
      "8": 134,
      "9": 2771,
      "10": 2771,
      "11": 16,
      "12": 16,
      "13": 2771,
      "14": 134,
      "15": 134,
      "16": 134,
      "17": 134,
      "18": 134,
      "19": 134,
      "20": 100,
      "21": 100,
      "22": 0,
      "23": 0,
      "24": 0,
      "25": 0,
      "26": 0
    },
    "f": {
      "0": 134,
      "1": 2771,
      "2": 16,
      "3": 100,
      "4": 0
    },
    "b": {
      "0": [
        134,
        0
      ],
      "1": [
        0,
        134
      ],
      "2": [
        134,
        0
      ],
      "3": [
        0,
        0
      ],
      "4": [
        0,
        0
      ]
    },
    "inputSourceMap": {
      "version": 3,
      "mappings": "AAoBU;AApBV,OAAOA,oBAAmB;AAAO;AAAA;AAAA;AAAA;AAAA;AAAA;AAAA;AAAA;AAAA;AAAA;AAAA;AAAA;AAAA;AAEjC,OAAOC,YAAY;AAQnB,MAAMC,OAAsBA,CAAC;AAAA,EAAEC;AAAAA,EAAMC;AAAAA,EAAWC;AAAW,MAAM;AAC/D,QAAM;AAAA,IAAEC;AAAAA,IAAIC;AAAAA,IAAOC;AAAAA,IAAOC;AAAAA,IAAUC;AAAAA,IAAQC;AAAAA,IAAOC;AAAAA,IAAQC;AAAAA,EAAM,IAAIV;AACrE,QAAMW,iBAAiBA,MAAM;AAC3BV,cAAUE,EAAE;AACZD,eAAW,IAAI;AAAA,EACjB;AACA,SACE,uBAAC,SAAI,WAAWJ,OAAOE,MAAM,SAASW,gBAAgB,eAAY,QAChE;AAAA,2BAAC,SAAI,WAAWb,OAAOc,gBACrB;AAAA,6BAAC,SAAI,WAAWd,OAAOe,OACrB,iCAAC,SAAI,KAAKN,OAAO,CAAC,GAAG,KAAKF,SAA1B;AAAA;AAAA;AAAA;AAAA,aAAgC,KADlC;AAAA;AAAA;AAAA;AAAA,aAEA;AAAA,MACA,uBAAC,SAAI,WAAWP,OAAOgB,SACrB;AAAA,+BAAC,SAAI,WAAWhB,OAAOM,OAAQA,mBAA/B;AAAA;AAAA;AAAA;AAAA,eAAqC;AAAA,QACrC,uBAAC,QAAG,WAAWN,OAAOiB,aACpB;AAAA,iCAAC,QAAG;AAAA;AAAA,YAAQV;AAAAA,eAAZ;AAAA;AAAA;AAAA;AAAA,iBAAkB;AAAA,UAClB,uBAAC,QAAG;AAAA;AAAA,YAAWC;AAAAA,eAAf;AAAA;AAAA;AAAA;AAAA,iBAAwB;AAAA,UACxB,uBAAC,QAAG;AAAA;AAAA,YAAQE;AAAAA,eAAZ;AAAA;AAAA;AAAA;AAAA,iBAAkB;AAAA,UAClB,uBAAC,QAAG;AAAA;AAAA,YAASC;AAAAA,eAAb;AAAA;AAAA;AAAA;AAAA,iBAAoB;AAAA,aAJtB;AAAA;AAAA;AAAA;AAAA,eAKA;AAAA,WAPF;AAAA;AAAA;AAAA;AAAA,aAQA;AAAA,SAZF;AAAA;AAAA;AAAA;AAAA,WAaA;AAAA,IACA,uBAAC,SAAI,WAAWX,OAAOkB,YACrB,iCAAC,SAAI,WAAWlB,OAAOY,OAAO;AAAA;AAAA,MAAEA;AAAAA,SAAhC;AAAA;AAAA;AAAA;AAAA,WAAsC,KADxC;AAAA;AAAA;AAAA;AAAA,WAEA;AAAA,OAjBF;AAAA;AAAA;AAAA;AAAA,SAkBA;AAEJ;AAAEO,KA3BIlB;AA6BN,eAAeA;AAAK;AAAAmB",
      "names": [
        "React",
        "styles",
        "Card",
        "card",
        "setCardId",
        "setIsModal",
        "id",
        "title",
        "brand",
        "category",
        "images",
        "stock",
        "rating",
        "price",
        "handlerOnClick",
        "contentWrapper",
        "image",
        "content",
        "description",
        "priceBlock",
        "_c",
        "$RefreshReg$"
      ],
      "sources": [
        "E:/work/rs/react/component/deploy1/React2023Q1/src/components/Card/Card.tsx"
      ],
      "file": "E:/work/rs/react/component/deploy1/React2023Q1/src/components/Card/Card.tsx"
    },
    "_coverageSchema": "1a1c01bbd47fc00a2c39e90264f33305004495a9",
    "hash": "e1a029c5cc81ea293e7177807ae3531bea992834"
  },
  "E:/work/rs/react/component/deploy1/React2023Q1/src/components/Cards/Cards.tsx": {
    "path": "E:/work/rs/react/component/deploy1/React2023Q1/src/components/Cards/Cards.tsx",
    "statementMap": {
      "0": {
        "start": {
          "line": 5,
          "column": 0
        },
        "end": {
          "line": 15,
          "column": 1
        }
      },
      "1": {
        "start": {
          "line": 6,
          "column": 2
        },
        "end": {
          "line": 8,
          "column": 3
        }
      },
      "2": {
        "start": {
          "line": 7,
          "column": 4
        },
        "end": {
          "line": 7,
          "column": 165
        }
      },
      "3": {
        "start": {
          "line": 9,
          "column": 2
        },
        "end": {
          "line": 9,
          "column": 39
        }
      },
      "4": {
        "start": {
          "line": 10,
          "column": 2
        },
        "end": {
          "line": 10,
          "column": 39
        }
      },
      "5": {
        "start": {
          "line": 11,
          "column": 2
        },
        "end": {
          "line": 13,
          "column": 4
        }
      },
      "6": {
        "start": {
          "line": 12,
          "column": 4
        },
        "end": {
          "line": 12,
          "column": 121
        }
      },
      "7": {
        "start": {
          "line": 14,
          "column": 2
        },
        "end": {
          "line": 14,
          "column": 75
        }
      },
      "8": {
        "start": {
          "line": 18,
          "column": 14
        },
        "end": {
          "line": 32,
          "column": 1
        }
      },
      "9": {
        "start": {
          "line": 23,
          "column": 2
        },
        "end": {
          "line": 31,
          "column": 11
        }
      },
      "10": {
        "start": {
          "line": 23,
          "column": 136
        },
        "end": {
          "line": 27,
          "column": 10
        }
      },
      "11": {
        "start": {
          "line": 33,
          "column": 0
        },
        "end": {
          "line": 33,
          "column": 11
        }
      },
      "12": {
        "start": {
          "line": 36,
          "column": 0
        },
        "end": {
          "line": 36,
          "column": 26
        }
      },
      "13": {
        "start": {
          "line": 37,
          "column": 0
        },
        "end": {
          "line": 53,
          "column": 1
        }
      },
      "14": {
        "start": {
          "line": 38,
          "column": 2
        },
        "end": {
          "line": 38,
          "column": 39
        }
      },
      "15": {
        "start": {
          "line": 39,
          "column": 2
        },
        "end": {
          "line": 39,
          "column": 39
        }
      },
      "16": {
        "start": {
          "line": 40,
          "column": 2
        },
        "end": {
          "line": 52,
          "column": 5
        }
      },
      "17": {
        "start": {
          "line": 44,
          "column": 4
        },
        "end": {
          "line": 44,
          "column": 147
        }
      },
      "18": {
        "start": {
          "line": 45,
          "column": 4
        },
        "end": {
          "line": 51,
          "column": 7
        }
      },
      "19": {
        "start": {
          "line": 46,
          "column": 6
        },
        "end": {
          "line": 47,
          "column": 15
        }
      },
      "20": {
        "start": {
          "line": 47,
          "column": 8
        },
        "end": {
          "line": 47,
          "column": 15
        }
      },
      "21": {
        "start": {
          "line": 48,
          "column": 32
        },
        "end": {
          "line": 48,
          "column": 115
        }
      },
      "22": {
        "start": {
          "line": 49,
          "column": 6
        },
        "end": {
          "line": 50,
          "column": 54
        }
      },
      "23": {
        "start": {
          "line": 50,
          "column": 8
        },
        "end": {
          "line": 50,
          "column": 54
        }
      }
    },
    "fnMap": {
      "0": {
        "name": "(anonymous_0)",
        "decl": {
          "start": {
            "line": 11,
            "column": 24
          },
          "end": {
            "line": 11,
            "column": 25
          }
        },
        "loc": {
          "start": {
            "line": 11,
            "column": 38
          },
          "end": {
            "line": 13,
            "column": 3
          }
        },
        "line": 11
      },
      "1": {
        "name": "(anonymous_1)",
        "decl": {
          "start": {
            "line": 18,
            "column": 14
          },
          "end": {
            "line": 18,
            "column": 15
          }
        },
        "loc": {
          "start": {
            "line": 22,
            "column": 6
          },
          "end": {
            "line": 32,
            "column": 1
          }
        },
        "line": 22
      },
      "2": {
        "name": "(anonymous_2)",
        "decl": {
          "start": {
            "line": 23,
            "column": 110
          },
          "end": {
            "line": 23,
            "column": 111
          }
        },
        "loc": {
          "start": {
            "line": 23,
            "column": 136
          },
          "end": {
            "line": 27,
            "column": 10
          }
        },
        "line": 23
      },
      "3": {
        "name": "(anonymous_3)",
        "decl": {
          "start": {
            "line": 43,
            "column": 9
          },
          "end": {
            "line": 43,
            "column": 10
          }
        },
        "loc": {
          "start": {
            "line": 43,
            "column": 29
          },
          "end": {
            "line": 52,
            "column": 3
          }
        },
        "line": 43
      },
      "4": {
        "name": "(anonymous_4)",
        "decl": {
          "start": {
            "line": 45,
            "column": 27
          },
          "end": {
            "line": 45,
            "column": 28
          }
        },
        "loc": {
          "start": {
            "line": 45,
            "column": 44
          },
          "end": {
            "line": 51,
            "column": 5
          }
        },
        "line": 45
      }
    },
    "branchMap": {
      "0": {
        "loc": {
          "start": {
            "line": 5,
            "column": 0
          },
          "end": {
            "line": 15,
            "column": 1
          }
        },
        "type": "if",
        "locations": [
          {
            "start": {
              "line": 5,
              "column": 0
            },
            "end": {
              "line": 15,
              "column": 1
            }
          },
          {
            "start": {},
            "end": {}
          }
        ],
        "line": 5
      },
      "1": {
        "loc": {
          "start": {
            "line": 6,
            "column": 2
          },
          "end": {
            "line": 8,
            "column": 3
          }
        },
        "type": "if",
        "locations": [
          {
            "start": {
              "line": 6,
              "column": 2
            },
            "end": {
              "line": 8,
              "column": 3
            }
          },
          {
            "start": {},
            "end": {}
          }
        ],
        "line": 6
      },
      "2": {
        "loc": {
          "start": {
            "line": 37,
            "column": 0
          },
          "end": {
            "line": 53,
            "column": 1
          }
        },
        "type": "if",
        "locations": [
          {
            "start": {
              "line": 37,
              "column": 0
            },
            "end": {
              "line": 53,
              "column": 1
            }
          },
          {
            "start": {},
            "end": {}
          }
        ],
        "line": 37
      },
      "3": {
        "loc": {
          "start": {
            "line": 46,
            "column": 6
          },
          "end": {
            "line": 47,
            "column": 15
          }
        },
        "type": "if",
        "locations": [
          {
            "start": {
              "line": 46,
              "column": 6
            },
            "end": {
              "line": 47,
              "column": 15
            }
          },
          {
            "start": {},
            "end": {}
          }
        ],
        "line": 46
      },
      "4": {
        "loc": {
          "start": {
            "line": 49,
            "column": 6
          },
          "end": {
            "line": 50,
            "column": 54
          }
        },
        "type": "if",
        "locations": [
          {
            "start": {
              "line": 49,
              "column": 6
            },
            "end": {
              "line": 50,
              "column": 54
            }
          },
          {
            "start": {},
            "end": {}
          }
        ],
        "line": 49
      }
    },
    "s": {
      "0": 134,
      "1": 134,
      "2": 0,
      "3": 134,
      "4": 134,
      "5": 134,
      "6": 134,
      "7": 134,
      "8": 134,
      "9": 158,
      "10": 2771,
      "11": 134,
      "12": 134,
      "13": 134,
      "14": 134,
      "15": 134,
      "16": 134,
      "17": 100,
      "18": 100,
      "19": 0,
      "20": 0,
      "21": 0,
      "22": 0,
      "23": 0
    },
    "f": {
      "0": 134,
      "1": 158,
      "2": 2771,
      "3": 100,
      "4": 0
    },
    "b": {
      "0": [
        134,
        0
      ],
      "1": [
        0,
        134
      ],
      "2": [
        134,
        0
      ],
      "3": [
        0,
        0
      ],
      "4": [
        0,
        0
      ]
    },
    "inputSourceMap": {
      "version": 3,
      "mappings": "AAgBQ;AAhBR,OAAOA,oBAAmB;AAAO;AAAA;AAAA;AAAA;AAAA;AAAA;AAAA;AAAA;AAAA;AAAA;AAAA;AAAA;AAAA;AACjC,OAAOC,UAAU;AAGjB,OAAOC,YAAY;AAQnB,MAAMC,QAAuBA,CAAC;AAAA,EAAEC;AAAAA,EAAOC;AAAAA,EAAWC;AAAW,MAAM;AACjE,SACE,uBAAC,SAAI,WAAWJ,OAAOE,OAAO,eAAY,SACvCA,gBAAMG,IAAKC,UACV,uBAAC,QAAK,MAA0B,YAAwB,aAAjCA,KAAKC,IAA5B;AAAA;AAAA;AAAA;AAAA,SAA6E,CAC9E,KAHH;AAAA;AAAA;AAAA;AAAA,SAIA;AAEJ;AAAEC,KARIP;AAUN,eAAeA;AAAM;AAAAQ",
      "names": [
        "React",
        "Card",
        "styles",
        "Cards",
        "cards",
        "setCardId",
        "setIsModal",
        "map",
        "card",
        "id",
        "_c",
        "$RefreshReg$"
      ],
      "sources": [
        "E:/work/rs/react/component/deploy1/React2023Q1/src/components/Cards/Cards.tsx"
      ],
      "file": "E:/work/rs/react/component/deploy1/React2023Q1/src/components/Cards/Cards.tsx"
    },
    "_coverageSchema": "1a1c01bbd47fc00a2c39e90264f33305004495a9",
    "hash": "cd32b6ac5afadcc072fa7a8ed4993cce694eb70c"
  },
  "E:/work/rs/react/component/deploy1/React2023Q1/src/store/searchSlice.ts": {
    "path": "E:/work/rs/react/component/deploy1/React2023Q1/src/store/searchSlice.ts",
    "statementMap": {
      "0": {
        "start": {
          "line": 2,
          "column": 20
        },
        "end": {
          "line": 12,
          "column": 2
        }
      },
      "1": {
        "start": {
          "line": 9,
          "column": 6
        },
        "end": {
          "line": 9,
          "column": 36
        }
      },
      "2": {
        "start": {
          "line": 13,
          "column": 29
        },
        "end": {
          "line": 13,
          "column": 48
        }
      }
    },
    "fnMap": {
      "0": {
        "name": "(anonymous_0)",
        "decl": {
          "start": {
            "line": 8,
            "column": 4
          },
          "end": {
            "line": 8,
            "column": 5
          }
        },
        "loc": {
          "start": {
            "line": 8,
            "column": 29
          },
          "end": {
            "line": 10,
            "column": 5
          }
        },
        "line": 8
      }
    },
    "branchMap": {},
    "s": {
      "0": 134,
      "1": 42,
      "2": 134
    },
    "f": {
      "0": 42
    },
    "b": {},
    "inputSourceMap": {
      "version": 3,
      "sources": [
        "E:/work/rs/react/component/deploy1/React2023Q1/src/store/searchSlice.ts"
      ],
      "mappings": "AAAA,SAAwB,mBAAmB;AAM3C,MAAM,cAAc,YAAY;AAAA,EAC9B,MAAM;AAAA,EACN,cAAc;AAAA,IACZ,QAAQ;AAAA,EACV;AAAA,EACA,UAAU;AAAA,IACR,UAAU,OAAO,QAA+B;AAC9C,YAAM,SAAS,OAAO;AAAA,IACxB;AAAA,EACF;AACF,CAAC;AAEM,aAAM,EAAE,UAAU,IAAI,YAAY;AAEzC,eAAe,YAAY;",
      "names": []
    },
    "_coverageSchema": "1a1c01bbd47fc00a2c39e90264f33305004495a9",
    "hash": "25c04283afa515e57bce9bae1e9c9e6679114619"
  },
  "E:/work/rs/react/component/deploy1/React2023Q1/src/components/Search/Search.tsx": {
    "path": "E:/work/rs/react/component/deploy1/React2023Q1/src/components/Search/Search.tsx",
    "statementMap": {
      "0": {
        "start": {
          "line": 5,
          "column": 0
        },
        "end": {
          "line": 15,
          "column": 1
        }
      },
      "1": {
        "start": {
          "line": 6,
          "column": 2
        },
        "end": {
          "line": 8,
          "column": 3
        }
      },
      "2": {
        "start": {
          "line": 7,
          "column": 4
        },
        "end": {
          "line": 7,
          "column": 165
        }
      },
      "3": {
        "start": {
          "line": 9,
          "column": 2
        },
        "end": {
          "line": 9,
          "column": 39
        }
      },
      "4": {
        "start": {
          "line": 10,
          "column": 2
        },
        "end": {
          "line": 10,
          "column": 39
        }
      },
      "5": {
        "start": {
          "line": 11,
          "column": 2
        },
        "end": {
          "line": 13,
          "column": 4
        }
      },
      "6": {
        "start": {
          "line": 12,
          "column": 4
        },
        "end": {
          "line": 12,
          "column": 123
        }
      },
      "7": {
        "start": {
          "line": 14,
          "column": 2
        },
        "end": {
          "line": 14,
          "column": 75
        }
      },
      "8": {
        "start": {
          "line": 16,
          "column": 9
        },
        "end": {
          "line": 16,
          "column": 23
        }
      },
      "9": {
        "start": {
          "line": 21,
          "column": 15
        },
        "end": {
          "line": 51,
          "column": 1
        }
      },
      "10": {
        "start": {
          "line": 22,
          "column": 2
        },
        "end": {
          "line": 22,
          "column": 7
        }
      },
      "11": {
        "start": {
          "line": 25,
          "column": 6
        },
        "end": {
          "line": 25,
          "column": 42
        }
      },
      "12": {
        "start": {
          "line": 25,
          "column": 29
        },
        "end": {
          "line": 25,
          "column": 41
        }
      },
      "13": {
        "start": {
          "line": 26,
          "column": 40
        },
        "end": {
          "line": 26,
          "column": 56
        }
      },
      "14": {
        "start": {
          "line": 27,
          "column": 19
        },
        "end": {
          "line": 27,
          "column": 32
        }
      },
      "15": {
        "start": {
          "line": 28,
          "column": 29
        },
        "end": {
          "line": 30,
          "column": 3
        }
      },
      "16": {
        "start": {
          "line": 29,
          "column": 4
        },
        "end": {
          "line": 29,
          "column": 35
        }
      },
      "17": {
        "start": {
          "line": 31,
          "column": 24
        },
        "end": {
          "line": 34,
          "column": 3
        }
      },
      "18": {
        "start": {
          "line": 32,
          "column": 4
        },
        "end": {
          "line": 32,
          "column": 23
        }
      },
      "19": {
        "start": {
          "line": 33,
          "column": 4
        },
        "end": {
          "line": 33,
          "column": 37
        }
      },
      "20": {
        "start": {
          "line": 35,
          "column": 2
        },
        "end": {
          "line": 50,
          "column": 11
        }
      },
      "21": {
        "start": {
          "line": 52,
          "column": 0
        },
        "end": {
          "line": 54,
          "column": 3
        }
      },
      "22": {
        "start": {
          "line": 53,
          "column": 2
        },
        "end": {
          "line": 53,
          "column": 36
        }
      },
      "23": {
        "start": {
          "line": 55,
          "column": 0
        },
        "end": {
          "line": 55,
          "column": 12
        }
      },
      "24": {
        "start": {
          "line": 58,
          "column": 0
        },
        "end": {
          "line": 58,
          "column": 27
        }
      },
      "25": {
        "start": {
          "line": 59,
          "column": 0
        },
        "end": {
          "line": 75,
          "column": 1
        }
      },
      "26": {
        "start": {
          "line": 60,
          "column": 2
        },
        "end": {
          "line": 60,
          "column": 39
        }
      },
      "27": {
        "start": {
          "line": 61,
          "column": 2
        },
        "end": {
          "line": 61,
          "column": 39
        }
      },
      "28": {
        "start": {
          "line": 62,
          "column": 2
        },
        "end": {
          "line": 74,
          "column": 5
        }
      },
      "29": {
        "start": {
          "line": 66,
          "column": 4
        },
        "end": {
          "line": 66,
          "column": 149
        }
      },
      "30": {
        "start": {
          "line": 67,
          "column": 4
        },
        "end": {
          "line": 73,
          "column": 7
        }
      },
      "31": {
        "start": {
          "line": 68,
          "column": 6
        },
        "end": {
          "line": 69,
          "column": 15
        }
      },
      "32": {
        "start": {
          "line": 69,
          "column": 8
        },
        "end": {
          "line": 69,
          "column": 15
        }
      },
      "33": {
        "start": {
          "line": 70,
          "column": 32
        },
        "end": {
          "line": 70,
          "column": 115
        }
      },
      "34": {
        "start": {
          "line": 71,
          "column": 6
        },
        "end": {
          "line": 72,
          "column": 54
        }
      },
      "35": {
        "start": {
          "line": 72,
          "column": 8
        },
        "end": {
          "line": 72,
          "column": 54
        }
      }
    },
    "fnMap": {
      "0": {
        "name": "(anonymous_0)",
        "decl": {
          "start": {
            "line": 11,
            "column": 24
          },
          "end": {
            "line": 11,
            "column": 25
          }
        },
        "loc": {
          "start": {
            "line": 11,
            "column": 38
          },
          "end": {
            "line": 13,
            "column": 3
          }
        },
        "line": 11
      },
      "1": {
        "name": "(anonymous_1)",
        "decl": {
          "start": {
            "line": 21,
            "column": 15
          },
          "end": {
            "line": 21,
            "column": 16
          }
        },
        "loc": {
          "start": {
            "line": 21,
            "column": 21
          },
          "end": {
            "line": 51,
            "column": 1
          }
        },
        "line": 21
      },
      "2": {
        "name": "(anonymous_2)",
        "decl": {
          "start": {
            "line": 25,
            "column": 18
          },
          "end": {
            "line": 25,
            "column": 19
          }
        },
        "loc": {
          "start": {
            "line": 25,
            "column": 29
          },
          "end": {
            "line": 25,
            "column": 41
          }
        },
        "line": 25
      },
      "3": {
        "name": "(anonymous_3)",
        "decl": {
          "start": {
            "line": 28,
            "column": 29
          },
          "end": {
            "line": 28,
            "column": 30
          }
        },
        "loc": {
          "start": {
            "line": 28,
            "column": 36
          },
          "end": {
            "line": 30,
            "column": 3
          }
        },
        "line": 28
      },
      "4": {
        "name": "(anonymous_4)",
        "decl": {
          "start": {
            "line": 31,
            "column": 24
          },
          "end": {
            "line": 31,
            "column": 25
          }
        },
        "loc": {
          "start": {
            "line": 31,
            "column": 31
          },
          "end": {
            "line": 34,
            "column": 3
          }
        },
        "line": 31
      },
      "5": {
        "name": "(anonymous_5)",
        "decl": {
          "start": {
            "line": 52,
            "column": 50
          },
          "end": {
            "line": 52,
            "column": 51
          }
        },
        "loc": {
          "start": {
            "line": 52,
            "column": 61
          },
          "end": {
            "line": 54,
            "column": 1
          }
        },
        "line": 52
      },
      "6": {
        "name": "(anonymous_6)",
        "decl": {
          "start": {
            "line": 65,
            "column": 9
          },
          "end": {
            "line": 65,
            "column": 10
          }
        },
        "loc": {
          "start": {
            "line": 65,
            "column": 29
          },
          "end": {
            "line": 74,
            "column": 3
          }
        },
        "line": 65
      },
      "7": {
        "name": "(anonymous_7)",
        "decl": {
          "start": {
            "line": 67,
            "column": 27
          },
          "end": {
            "line": 67,
            "column": 28
          }
        },
        "loc": {
          "start": {
            "line": 67,
            "column": 44
          },
          "end": {
            "line": 73,
            "column": 5
          }
        },
        "line": 67
      }
    },
    "branchMap": {
      "0": {
        "loc": {
          "start": {
            "line": 5,
            "column": 0
          },
          "end": {
            "line": 15,
            "column": 1
          }
        },
        "type": "if",
        "locations": [
          {
            "start": {
              "line": 5,
              "column": 0
            },
            "end": {
              "line": 15,
              "column": 1
            }
          },
          {
            "start": {},
            "end": {}
          }
        ],
        "line": 5
      },
      "1": {
        "loc": {
          "start": {
            "line": 6,
            "column": 2
          },
          "end": {
            "line": 8,
            "column": 3
          }
        },
        "type": "if",
        "locations": [
          {
            "start": {
              "line": 6,
              "column": 2
            },
            "end": {
              "line": 8,
              "column": 3
            }
          },
          {
            "start": {},
            "end": {}
          }
        ],
        "line": 6
      },
      "2": {
        "loc": {
          "start": {
            "line": 36,
            "column": 59
          },
          "end": {
            "line": 36,
            "column": 76
          }
        },
        "type": "binary-expr",
        "locations": [
          {
            "start": {
              "line": 36,
              "column": 59
            },
            "end": {
              "line": 36,
              "column": 70
            }
          },
          {
            "start": {
              "line": 36,
              "column": 74
            },
            "end": {
              "line": 36,
              "column": 76
            }
          }
        ],
        "line": 36
      },
      "3": {
        "loc": {
          "start": {
            "line": 59,
            "column": 0
          },
          "end": {
            "line": 75,
            "column": 1
          }
        },
        "type": "if",
        "locations": [
          {
            "start": {
              "line": 59,
              "column": 0
            },
            "end": {
              "line": 75,
              "column": 1
            }
          },
          {
            "start": {},
            "end": {}
          }
        ],
        "line": 59
      },
      "4": {
        "loc": {
          "start": {
            "line": 68,
            "column": 6
          },
          "end": {
            "line": 69,
            "column": 15
          }
        },
        "type": "if",
        "locations": [
          {
            "start": {
              "line": 68,
              "column": 6
            },
            "end": {
              "line": 69,
              "column": 15
            }
          },
          {
            "start": {},
            "end": {}
          }
        ],
        "line": 68
      },
      "5": {
        "loc": {
          "start": {
            "line": 71,
            "column": 6
          },
          "end": {
            "line": 72,
            "column": 54
          }
        },
        "type": "if",
        "locations": [
          {
            "start": {
              "line": 71,
              "column": 6
            },
            "end": {
              "line": 72,
              "column": 54
            }
          },
          {
            "start": {},
            "end": {}
          }
        ],
        "line": 71
      }
    },
    "s": {
      "0": 134,
      "1": 134,
      "2": 0,
      "3": 134,
      "4": 134,
      "5": 134,
      "6": 134,
      "7": 134,
      "8": 134,
      "9": 134,
      "10": 564,
      "11": 564,
      "12": 898,
      "13": 564,
      "14": 564,
      "15": 564,
      "16": 320,
      "17": 564,
      "18": 42,
      "19": 42,
      "20": 564,
      "21": 134,
      "22": 89,
      "23": 134,
      "24": 134,
      "25": 134,
      "26": 134,
      "27": 134,
      "28": 134,
      "29": 100,
      "30": 100,
      "31": 0,
      "32": 0,
      "33": 0,
      "34": 0,
      "35": 0
    },
    "f": {
      "0": 134,
      "1": 564,
      "2": 898,
      "3": 320,
      "4": 42,
      "5": 89,
      "6": 100,
      "7": 0
    },
    "b": {
      "0": [
        134,
        0
      ],
      "1": [
        0,
        134
      ],
      "2": [
        564,
        89
      ],
      "3": [
        134,
        0
      ],
      "4": [
        0,
        0
      ],
      "5": [
        0,
        0
      ]
    },
    "inputSourceMap": {
      "version": 3,
      "mappings": "AAuBM;;;;;;;;;;;;;;;;AAvBN,SAA4CA,gBAAgB;AAC5D,SAASC,aAAaC,mBAAmB;AACzC,SAASC,iBAAiB;AAG1B,OAAOC,YAAY;AAEnB,MAAMC,SAAaA,MAAM;AAAAC;AACvB,QAAM;AAAA,IAAEC;AAAAA,EAAO,IAAIN,YAAY,CAACO,UAAqBA,MAAMD,MAAM;AACjE,QAAM,CAACE,aAAaC,cAAc,IAAIV,SAAiBO,MAAM;AAC7D,QAAMI,WAAWT,YAAY;AAE7B,QAAMU,qBAAqBA,CAACC,MAA2C;AACrEH,mBAAeG,EAAEC,OAAOC,KAAK;AAAA,EAC/B;AAEA,QAAMC,gBAAgBA,CAACH,MAAwC;AAC7DA,MAAEI,eAAe;AACjBN,aAASR,UAAUM,WAAW,CAAC;AAAA,EACjC;AAEA,SACE,uBAAC,UAAK,WAAWL,OAAOG,QAAQ,UAAUS,eAAe,eAAY,UACnE;AAAA,2BAAC,WACC,MAAK,QACL,OAAOP,eAAe,IACtB,aAAY,WACZ,UAAUG,oBACV,eAAY,iBALd;AAAA;AAAA;AAAA;AAAA,WAK2B;AAAA,IAE3B,uBAAC,YAAO,WAAWR,OAAOc,QAAQ,sBAAlC;AAAA;AAAA;AAAA;AAAA,WAAwC;AAAA,OAR1C;AAAA;AAAA;AAAA;AAAA,SASA;AAEJ;AAAEZ,GA1BID,QAAU;AAAA,UACKJ,aAEFC,WAAW;AAAA;AAAAiB,KAHxBd;AA4BN,eAAeA;AAAO;AAAAe",
      "names": [
        "useState",
        "useSelector",
        "useDispatch",
        "setSearch",
        "styles",
        "Search",
        "_s",
        "search",
        "state",
        "searchValue",
        "setSearchValue",
        "dispatch",
        "handlerSearchValue",
        "e",
        "target",
        "value",
        "handlerSubmit",
        "preventDefault",
        "button",
        "_c",
        "$RefreshReg$"
      ],
      "sources": [
        "E:/work/rs/react/component/deploy1/React2023Q1/src/components/Search/Search.tsx"
      ],
      "file": "E:/work/rs/react/component/deploy1/React2023Q1/src/components/Search/Search.tsx"
    },
    "_coverageSchema": "1a1c01bbd47fc00a2c39e90264f33305004495a9",
    "hash": "9193c926fbe4c9f113a8decc72d1a0c81788dc10"
  },
  "E:/work/rs/react/component/deploy1/React2023Q1/src/components/Loader/Loader.tsx": {
    "path": "E:/work/rs/react/component/deploy1/React2023Q1/src/components/Loader/Loader.tsx",
    "statementMap": {
      "0": {
        "start": {
          "line": 5,
          "column": 0
        },
        "end": {
          "line": 15,
          "column": 1
        }
      },
      "1": {
        "start": {
          "line": 6,
          "column": 2
        },
        "end": {
          "line": 8,
          "column": 3
        }
      },
      "2": {
        "start": {
          "line": 7,
          "column": 4
        },
        "end": {
          "line": 7,
          "column": 165
        }
      },
      "3": {
        "start": {
          "line": 9,
          "column": 2
        },
        "end": {
          "line": 9,
          "column": 39
        }
      },
      "4": {
        "start": {
          "line": 10,
          "column": 2
        },
        "end": {
          "line": 10,
          "column": 39
        }
      },
      "5": {
        "start": {
          "line": 11,
          "column": 2
        },
        "end": {
          "line": 13,
          "column": 4
        }
      },
      "6": {
        "start": {
          "line": 12,
          "column": 4
        },
        "end": {
          "line": 12,
          "column": 123
        }
      },
      "7": {
        "start": {
          "line": 14,
          "column": 2
        },
        "end": {
          "line": 14,
          "column": 75
        }
      },
      "8": {
        "start": {
          "line": 17,
          "column": 15
        },
        "end": {
          "line": 30,
          "column": 1
        }
      },
      "9": {
        "start": {
          "line": 18,
          "column": 2
        },
        "end": {
          "line": 29,
          "column": 11
        }
      },
      "10": {
        "start": {
          "line": 31,
          "column": 0
        },
        "end": {
          "line": 31,
          "column": 12
        }
      },
      "11": {
        "start": {
          "line": 34,
          "column": 0
        },
        "end": {
          "line": 34,
          "column": 27
        }
      },
      "12": {
        "start": {
          "line": 35,
          "column": 0
        },
        "end": {
          "line": 51,
          "column": 1
        }
      },
      "13": {
        "start": {
          "line": 36,
          "column": 2
        },
        "end": {
          "line": 36,
          "column": 39
        }
      },
      "14": {
        "start": {
          "line": 37,
          "column": 2
        },
        "end": {
          "line": 37,
          "column": 39
        }
      },
      "15": {
        "start": {
          "line": 38,
          "column": 2
        },
        "end": {
          "line": 50,
          "column": 5
        }
      },
      "16": {
        "start": {
          "line": 42,
          "column": 4
        },
        "end": {
          "line": 42,
          "column": 149
        }
      },
      "17": {
        "start": {
          "line": 43,
          "column": 4
        },
        "end": {
          "line": 49,
          "column": 7
        }
      },
      "18": {
        "start": {
          "line": 44,
          "column": 6
        },
        "end": {
          "line": 45,
          "column": 15
        }
      },
      "19": {
        "start": {
          "line": 45,
          "column": 8
        },
        "end": {
          "line": 45,
          "column": 15
        }
      },
      "20": {
        "start": {
          "line": 46,
          "column": 32
        },
        "end": {
          "line": 46,
          "column": 115
        }
      },
      "21": {
        "start": {
          "line": 47,
          "column": 6
        },
        "end": {
          "line": 48,
          "column": 54
        }
      },
      "22": {
        "start": {
          "line": 48,
          "column": 8
        },
        "end": {
          "line": 48,
          "column": 54
        }
      }
    },
    "fnMap": {
      "0": {
        "name": "(anonymous_0)",
        "decl": {
          "start": {
            "line": 11,
            "column": 24
          },
          "end": {
            "line": 11,
            "column": 25
          }
        },
        "loc": {
          "start": {
            "line": 11,
            "column": 38
          },
          "end": {
            "line": 13,
            "column": 3
          }
        },
        "line": 11
      },
      "1": {
        "name": "(anonymous_1)",
        "decl": {
          "start": {
            "line": 17,
            "column": 15
          },
          "end": {
            "line": 17,
            "column": 16
          }
        },
        "loc": {
          "start": {
            "line": 17,
            "column": 21
          },
          "end": {
            "line": 30,
            "column": 1
          }
        },
        "line": 17
      },
      "2": {
        "name": "(anonymous_2)",
        "decl": {
          "start": {
            "line": 41,
            "column": 9
          },
          "end": {
            "line": 41,
            "column": 10
          }
        },
        "loc": {
          "start": {
            "line": 41,
            "column": 29
          },
          "end": {
            "line": 50,
            "column": 3
          }
        },
        "line": 41
      },
      "3": {
        "name": "(anonymous_3)",
        "decl": {
          "start": {
            "line": 43,
            "column": 27
          },
          "end": {
            "line": 43,
            "column": 28
          }
        },
        "loc": {
          "start": {
            "line": 43,
            "column": 44
          },
          "end": {
            "line": 49,
            "column": 5
          }
        },
        "line": 43
      }
    },
    "branchMap": {
      "0": {
        "loc": {
          "start": {
            "line": 5,
            "column": 0
          },
          "end": {
            "line": 15,
            "column": 1
          }
        },
        "type": "if",
        "locations": [
          {
            "start": {
              "line": 5,
              "column": 0
            },
            "end": {
              "line": 15,
              "column": 1
            }
          },
          {
            "start": {},
            "end": {}
          }
        ],
        "line": 5
      },
      "1": {
        "loc": {
          "start": {
            "line": 6,
            "column": 2
          },
          "end": {
            "line": 8,
            "column": 3
          }
        },
        "type": "if",
        "locations": [
          {
            "start": {
              "line": 6,
              "column": 2
            },
            "end": {
              "line": 8,
              "column": 3
            }
          },
          {
            "start": {},
            "end": {}
          }
        ],
        "line": 6
      },
      "2": {
        "loc": {
          "start": {
            "line": 35,
            "column": 0
          },
          "end": {
            "line": 51,
            "column": 1
          }
        },
        "type": "if",
        "locations": [
          {
            "start": {
              "line": 35,
              "column": 0
            },
            "end": {
              "line": 51,
              "column": 1
            }
          },
          {
            "start": {},
            "end": {}
          }
        ],
        "line": 35
      },
      "3": {
        "loc": {
          "start": {
            "line": 44,
            "column": 6
          },
          "end": {
            "line": 45,
            "column": 15
          }
        },
        "type": "if",
        "locations": [
          {
            "start": {
              "line": 44,
              "column": 6
            },
            "end": {
              "line": 45,
              "column": 15
            }
          },
          {
            "start": {},
            "end": {}
          }
        ],
        "line": 44
      },
      "4": {
        "loc": {
          "start": {
            "line": 47,
            "column": 6
          },
          "end": {
            "line": 48,
            "column": 54
          }
        },
        "type": "if",
        "locations": [
          {
            "start": {
              "line": 47,
              "column": 6
            },
            "end": {
              "line": 48,
              "column": 54
            }
          },
          {
            "start": {},
            "end": {}
          }
        ],
        "line": 47
      }
    },
    "s": {
      "0": 134,
      "1": 134,
      "2": 0,
      "3": 134,
      "4": 134,
      "5": 134,
      "6": 134,
      "7": 134,
      "8": 134,
      "9": 116,
      "10": 134,
      "11": 134,
      "12": 134,
      "13": 134,
      "14": 134,
      "15": 134,
      "16": 100,
      "17": 100,
      "18": 0,
      "19": 0,
      "20": 0,
      "21": 0,
      "22": 0
    },
    "f": {
      "0": 134,
      "1": 116,
      "2": 100,
      "3": 0
    },
    "b": {
      "0": [
        134,
        0
      ],
      "1": [
        0,
        134
      ],
      "2": [
        134,
        0
      ],
      "3": [
        0,
        0
      ],
      "4": [
        0,
        0
      ]
    },
    "inputSourceMap": {
      "version": 3,
      "mappings": "AAOM;AAPN,OAAOA,oBAAkB;AAAA;AAAA;AAAA;AAAA;AAAA;AAAA;AAAA;AAAA;AAAA;AAAA;AAAA;AAAA;AAAA;AAEzB,OAAOC,YAAY;AAEnB,MAAMC,SAASA,MAAM;AACnB,SACE,uBAAC,SAAI,WAAWD,OAAOE,iBACrB;AAAA,2BAAC,SAAI,WAAWF,OAAOG,QAAQ,eAAY,YAA3C;AAAA;AAAA;AAAA;AAAA,WAAoD;AAAA,IAAM;AAAA,OAD5D;AAAA;AAAA;AAAA;AAAA,SAEA;AAEJ;AAAEC,KANIH;AAQN,eAAeA;AAAO;AAAAI",
      "names": [
        "React",
        "styles",
        "Loader",
        "loaderContainer",
        "loader",
        "_c",
        "$RefreshReg$"
      ],
      "sources": [
        "E:/work/rs/react/component/deploy1/React2023Q1/src/components/Loader/Loader.tsx"
      ],
      "file": "E:/work/rs/react/component/deploy1/React2023Q1/src/components/Loader/Loader.tsx"
    },
    "_coverageSchema": "1a1c01bbd47fc00a2c39e90264f33305004495a9",
    "hash": "49b1941b92be66d2dacfef86f44cbd30dca3277d"
  },
  "E:/work/rs/react/component/deploy1/React2023Q1/src/services/cardsApi.ts": {
    "path": "E:/work/rs/react/component/deploy1/React2023Q1/src/services/cardsApi.ts",
    "statementMap": {
      "0": {
        "start": {
          "line": 2,
          "column": 24
        },
        "end": {
          "line": 20,
          "column": 2
        }
      },
      "1": {
        "start": {
          "line": 7,
          "column": 27
        },
        "end": {
          "line": 19,
          "column": 3
        }
      },
      "2": {
        "start": {
          "line": 9,
          "column": 25
        },
        "end": {
          "line": 11,
          "column": 7
        }
      },
      "3": {
        "start": {
          "line": 12,
          "column": 39
        },
        "end": {
          "line": 12,
          "column": 56
        }
      },
      "4": {
        "start": {
          "line": 15,
          "column": 22
        },
        "end": {
          "line": 17,
          "column": 7
        }
      },
      "5": {
        "start": {
          "line": 21,
          "column": 57
        },
        "end": {
          "line": 21,
          "column": 65
        }
      }
    },
    "fnMap": {
      "0": {
        "name": "(anonymous_0)",
        "decl": {
          "start": {
            "line": 7,
            "column": 13
          },
          "end": {
            "line": 7,
            "column": 14
          }
        },
        "loc": {
          "start": {
            "line": 7,
            "column": 27
          },
          "end": {
            "line": 19,
            "column": 3
          }
        },
        "line": 7
      },
      "1": {
        "name": "(anonymous_1)",
        "decl": {
          "start": {
            "line": 9,
            "column": 13
          },
          "end": {
            "line": 9,
            "column": 14
          }
        },
        "loc": {
          "start": {
            "line": 9,
            "column": 25
          },
          "end": {
            "line": 11,
            "column": 7
          }
        },
        "line": 9
      },
      "2": {
        "name": "(anonymous_2)",
        "decl": {
          "start": {
            "line": 12,
            "column": 25
          },
          "end": {
            "line": 12,
            "column": 26
          }
        },
        "loc": {
          "start": {
            "line": 12,
            "column": 39
          },
          "end": {
            "line": 12,
            "column": 56
          }
        },
        "line": 12
      },
      "3": {
        "name": "(anonymous_3)",
        "decl": {
          "start": {
            "line": 15,
            "column": 13
          },
          "end": {
            "line": 15,
            "column": 14
          }
        },
        "loc": {
          "start": {
            "line": 15,
            "column": 22
          },
          "end": {
            "line": 17,
            "column": 7
          }
        },
        "line": 15
      }
    },
    "branchMap": {},
    "s": {
      "0": 134,
      "1": 134,
      "2": 42,
      "3": 42,
      "4": 16,
      "5": 134
    },
    "f": {
      "0": 134,
      "1": 42,
      "2": 42,
      "3": 16
    },
    "b": {},
    "inputSourceMap": {
      "version": 3,
      "sources": [
        "E:/work/rs/react/component/deploy1/React2023Q1/src/services/cardsApi.ts"
      ],
      "mappings": "AAAA,SAAS,WAAW,sBAAsB;AAUnC,aAAM,WAAW,UAAU;AAAA,EAChC,aAAa;AAAA,EACb,WAAW,eAAe;AAAA,IACxB,SAAS;AAAA,EACX,CAAC;AAAA,EACD,WAAW,CAAC,aAAa;AAAA,IACvB,UAAU,QAAQ,MAA2B;AAAA,MAC3C,OAAO,CAAC,WAAW;AAAA,QACjB,KAAK,qBAAqB;AAAA,MAC5B;AAAA,MACA,mBAAmB,CAAC,aAAuB,SAAS;AAAA,IACtD,CAAC;AAAA,IACD,aAAa,QAAQ,MAAyB;AAAA,MAC5C,OAAO,CAAC,QAAQ;AAAA,QACd,KAAK,YAAY;AAAA,MACnB;AAAA,IACF,CAAC;AAAA,EACH;AACF,CAAC;AAEM,aAAM,EAAE,kBAAkB,oBAAoB,IAAI;",
      "names": []
    },
    "_coverageSchema": "1a1c01bbd47fc00a2c39e90264f33305004495a9",
    "hash": "1c18324e0a9614c7e82eca7bf97de097896c2345"
  },
  "E:/work/rs/react/component/deploy1/React2023Q1/src/components/CardItem/CardItem.tsx": {
    "path": "E:/work/rs/react/component/deploy1/React2023Q1/src/components/CardItem/CardItem.tsx",
    "statementMap": {
      "0": {
        "start": {
          "line": 5,
          "column": 0
        },
        "end": {
          "line": 15,
          "column": 1
        }
      },
      "1": {
        "start": {
          "line": 6,
          "column": 2
        },
        "end": {
          "line": 8,
          "column": 3
        }
      },
      "2": {
        "start": {
          "line": 7,
          "column": 4
        },
        "end": {
          "line": 7,
          "column": 165
        }
      },
      "3": {
        "start": {
          "line": 9,
          "column": 2
        },
        "end": {
          "line": 9,
          "column": 39
        }
      },
      "4": {
        "start": {
          "line": 10,
          "column": 2
        },
        "end": {
          "line": 10,
          "column": 39
        }
      },
      "5": {
        "start": {
          "line": 11,
          "column": 2
        },
        "end": {
          "line": 13,
          "column": 4
        }
      },
      "6": {
        "start": {
          "line": 12,
          "column": 4
        },
        "end": {
          "line": 12,
          "column": 127
        }
      },
      "7": {
        "start": {
          "line": 14,
          "column": 2
        },
        "end": {
          "line": 14,
          "column": 75
        }
      },
      "8": {
        "start": {
          "line": 17,
          "column": 17
        },
        "end": {
          "line": 113,
          "column": 1
        }
      },
      "9": {
        "start": {
          "line": 20,
          "column": 2
        },
        "end": {
          "line": 112,
          "column": 11
        }
      },
      "10": {
        "start": {
          "line": 114,
          "column": 0
        },
        "end": {
          "line": 114,
          "column": 14
        }
      },
      "11": {
        "start": {
          "line": 117,
          "column": 0
        },
        "end": {
          "line": 117,
          "column": 29
        }
      },
      "12": {
        "start": {
          "line": 118,
          "column": 0
        },
        "end": {
          "line": 134,
          "column": 1
        }
      },
      "13": {
        "start": {
          "line": 119,
          "column": 2
        },
        "end": {
          "line": 119,
          "column": 39
        }
      },
      "14": {
        "start": {
          "line": 120,
          "column": 2
        },
        "end": {
          "line": 120,
          "column": 39
        }
      },
      "15": {
        "start": {
          "line": 121,
          "column": 2
        },
        "end": {
          "line": 133,
          "column": 5
        }
      },
      "16": {
        "start": {
          "line": 125,
          "column": 4
        },
        "end": {
          "line": 125,
          "column": 153
        }
      },
      "17": {
        "start": {
          "line": 126,
          "column": 4
        },
        "end": {
          "line": 132,
          "column": 7
        }
      },
      "18": {
        "start": {
          "line": 127,
          "column": 6
        },
        "end": {
          "line": 128,
          "column": 15
        }
      },
      "19": {
        "start": {
          "line": 128,
          "column": 8
        },
        "end": {
          "line": 128,
          "column": 15
        }
      },
      "20": {
        "start": {
          "line": 129,
          "column": 32
        },
        "end": {
          "line": 129,
          "column": 115
        }
      },
      "21": {
        "start": {
          "line": 130,
          "column": 6
        },
        "end": {
          "line": 131,
          "column": 54
        }
      },
      "22": {
        "start": {
          "line": 131,
          "column": 8
        },
        "end": {
          "line": 131,
          "column": 54
        }
      }
    },
    "fnMap": {
      "0": {
        "name": "(anonymous_0)",
        "decl": {
          "start": {
            "line": 11,
            "column": 24
          },
          "end": {
            "line": 11,
            "column": 25
          }
        },
        "loc": {
          "start": {
            "line": 11,
            "column": 38
          },
          "end": {
            "line": 13,
            "column": 3
          }
        },
        "line": 11
      },
      "1": {
        "name": "(anonymous_1)",
        "decl": {
          "start": {
            "line": 17,
            "column": 17
          },
          "end": {
            "line": 17,
            "column": 18
          }
        },
        "loc": {
          "start": {
            "line": 19,
            "column": 6
          },
          "end": {
            "line": 113,
            "column": 1
          }
        },
        "line": 19
      },
      "2": {
        "name": "(anonymous_2)",
        "decl": {
          "start": {
            "line": 124,
            "column": 9
          },
          "end": {
            "line": 124,
            "column": 10
          }
        },
        "loc": {
          "start": {
            "line": 124,
            "column": 29
          },
          "end": {
            "line": 133,
            "column": 3
          }
        },
        "line": 124
      },
      "3": {
        "name": "(anonymous_3)",
        "decl": {
          "start": {
            "line": 126,
            "column": 27
          },
          "end": {
            "line": 126,
            "column": 28
          }
        },
        "loc": {
          "start": {
            "line": 126,
            "column": 44
          },
          "end": {
            "line": 132,
            "column": 5
          }
        },
        "line": 126
      }
    },
    "branchMap": {
      "0": {
        "loc": {
          "start": {
            "line": 5,
            "column": 0
          },
          "end": {
            "line": 15,
            "column": 1
          }
        },
        "type": "if",
        "locations": [
          {
            "start": {
              "line": 5,
              "column": 0
            },
            "end": {
              "line": 15,
              "column": 1
            }
          },
          {
            "start": {},
            "end": {}
          }
        ],
        "line": 5
      },
      "1": {
        "loc": {
          "start": {
            "line": 6,
            "column": 2
          },
          "end": {
            "line": 8,
            "column": 3
          }
        },
        "type": "if",
        "locations": [
          {
            "start": {
              "line": 6,
              "column": 2
            },
            "end": {
              "line": 8,
              "column": 3
            }
          },
          {
            "start": {},
            "end": {}
          }
        ],
        "line": 6
      },
      "2": {
        "loc": {
          "start": {
            "line": 118,
            "column": 0
          },
          "end": {
            "line": 134,
            "column": 1
          }
        },
        "type": "if",
        "locations": [
          {
            "start": {
              "line": 118,
              "column": 0
            },
            "end": {
              "line": 134,
              "column": 1
            }
          },
          {
            "start": {},
            "end": {}
          }
        ],
        "line": 118
      },
      "3": {
        "loc": {
          "start": {
            "line": 127,
            "column": 6
          },
          "end": {
            "line": 128,
            "column": 15
          }
        },
        "type": "if",
        "locations": [
          {
            "start": {
              "line": 127,
              "column": 6
            },
            "end": {
              "line": 128,
              "column": 15
            }
          },
          {
            "start": {},
            "end": {}
          }
        ],
        "line": 127
      },
      "4": {
        "loc": {
          "start": {
            "line": 130,
            "column": 6
          },
          "end": {
            "line": 131,
            "column": 54
          }
        },
        "type": "if",
        "locations": [
          {
            "start": {
              "line": 130,
              "column": 6
            },
            "end": {
              "line": 131,
              "column": 54
            }
          },
          {
            "start": {},
            "end": {}
          }
        ],
        "line": 130
      }
    },
    "s": {
      "0": 134,
      "1": 134,
      "2": 0,
      "3": 134,
      "4": 134,
      "5": 134,
      "6": 134,
      "7": 134,
      "8": 134,
      "9": 16,
      "10": 134,
      "11": 134,
      "12": 134,
      "13": 134,
      "14": 134,
      "15": 134,
      "16": 100,
      "17": 100,
      "18": 0,
      "19": 0,
      "20": 0,
      "21": 0,
      "22": 0
    },
    "f": {
      "0": 134,
      "1": 16,
      "2": 100,
      "3": 0
    },
    "b": {
      "0": [
        134,
        0
      ],
      "1": [
        0,
        134
      ],
      "2": [
        134,
        0
      ],
      "3": [
        0,
        0
      ],
      "4": [
        0,
        0
      ]
    },
    "inputSourceMap": {
      "version": 3,
      "mappings": "AAYQ;AAZR,OAAOA,oBAAmB;AAAO;AAAA;AAAA;AAAA;AAAA;AAAA;AAAA;AAAA;AAAA;AAAA;AAAA;AAAA;AAAA;AAEjC,OAAOC,YAAY;AAMnB,MAAMC,WAA8BA,CAAC;AAAA,EAAEC;AAAS,MAAM;AACpD,SACE,uBAAC,SAAI,WAAWF,OAAOG,MAAM,eAAY,YACvC;AAAA,2BAAC,SAAI,WAAWH,OAAOI,OACrB,iCAAC,SAAI,KAAKF,SAASG,OAAO,CAAC,GAAG,KAAKH,SAASI,SAA5C;AAAA;AAAA;AAAA;AAAA,WAAkD,KADpD;AAAA;AAAA;AAAA;AAAA,WAEA;AAAA,IACA,uBAAC,SAAI,WAAWN,OAAOO,SACrB;AAAA,6BAAC,SAAI,WAAWP,OAAOM,OAAQJ,mBAASI,SAAxC;AAAA;AAAA;AAAA;AAAA,aAA8C;AAAA,MAC9C,uBAAC,QAAG,WAAWN,OAAOQ,aACpB;AAAA,+BAAC,QAAG;AAAA;AAAA,UAAQN,SAASO;AAAAA,aAArB;AAAA;AAAA;AAAA;AAAA,eAA2B;AAAA,QAC3B,uBAAC,QAAG;AAAA;AAAA,UAAWP,SAASQ;AAAAA,aAAxB;AAAA;AAAA;AAAA;AAAA,eAAiC;AAAA,QACjC,uBAAC,QAAG;AAAA;AAAA,UAAcR,SAASM;AAAAA,aAA3B;AAAA;AAAA;AAAA;AAAA,eAAuC;AAAA,QACvC,uBAAC,QAAG;AAAA;AAAA,UAAQN,SAASS;AAAAA,aAArB;AAAA;AAAA;AAAA;AAAA,eAA2B;AAAA,QAC3B,uBAAC,QAAG;AAAA;AAAA,UAAST,SAASU;AAAAA,aAAtB;AAAA;AAAA;AAAA;AAAA,eAA6B;AAAA,QAC7B,uBAAC,QAAG;AAAA;AAAA,UAAWV,SAASW;AAAAA,UAAmB;AAAA,aAA3C;AAAA;AAAA;AAAA;AAAA,eAA4C;AAAA,WAN9C;AAAA;AAAA;AAAA;AAAA,aAOA;AAAA,MACA,uBAAC,SAAI,WAAWb,OAAOc,YACrB,iCAAC,SAAI,WAAWd,OAAOe,OAAO;AAAA;AAAA,QAAEb,SAASa;AAAAA,WAAzC;AAAA;AAAA;AAAA;AAAA,aAA+C,KADjD;AAAA;AAAA;AAAA;AAAA,aAEA;AAAA,SAZF;AAAA;AAAA;AAAA;AAAA,WAaA;AAAA,OAjBF;AAAA;AAAA;AAAA;AAAA,SAkBA;AAEJ;AAAEC,KAtBIf;AAwBN,eAAeA;AAAS;AAAAgB",
      "names": [
        "React",
        "styles",
        "CardItem",
        "cardItem",
        "card",
        "image",
        "images",
        "title",
        "content",
        "description",
        "brand",
        "category",
        "stock",
        "rating",
        "discountPercentage",
        "priceBlock",
        "price",
        "_c",
        "$RefreshReg$"
      ],
      "sources": [
        "E:/work/rs/react/component/deploy1/React2023Q1/src/components/CardItem/CardItem.tsx"
      ],
      "file": "E:/work/rs/react/component/deploy1/React2023Q1/src/components/CardItem/CardItem.tsx"
    },
    "_coverageSchema": "1a1c01bbd47fc00a2c39e90264f33305004495a9",
    "hash": "ec6c9dd24cc2424a213822f81eed6678e32ca6c1"
  },
  "E:/work/rs/react/component/deploy1/React2023Q1/src/components/Modal/Modal.tsx": {
    "path": "E:/work/rs/react/component/deploy1/React2023Q1/src/components/Modal/Modal.tsx",
    "statementMap": {
      "0": {
        "start": {
          "line": 5,
          "column": 0
        },
        "end": {
          "line": 15,
          "column": 1
        }
      },
      "1": {
        "start": {
          "line": 6,
          "column": 2
        },
        "end": {
          "line": 8,
          "column": 3
        }
      },
      "2": {
        "start": {
          "line": 7,
          "column": 4
        },
        "end": {
          "line": 7,
          "column": 165
        }
      },
      "3": {
        "start": {
          "line": 9,
          "column": 2
        },
        "end": {
          "line": 9,
          "column": 39
        }
      },
      "4": {
        "start": {
          "line": 10,
          "column": 2
        },
        "end": {
          "line": 10,
          "column": 39
        }
      },
      "5": {
        "start": {
          "line": 11,
          "column": 2
        },
        "end": {
          "line": 13,
          "column": 4
        }
      },
      "6": {
        "start": {
          "line": 12,
          "column": 4
        },
        "end": {
          "line": 12,
          "column": 121
        }
      },
      "7": {
        "start": {
          "line": 14,
          "column": 2
        },
        "end": {
          "line": 14,
          "column": 75
        }
      },
      "8": {
        "start": {
          "line": 16,
          "column": 9
        },
        "end": {
          "line": 16,
          "column": 23
        }
      },
[...]
          "start": {
            "line": 94,
            "column": 0
          },
          "end": {
            "line": 110,
            "column": 1
          }
        },
        "type": "if",
        "locations": [
          {
            "start": {
              "line": 94,
              "column": 0
            },
            "end": {
              "line": 110,
              "column": 1
            }
          },
          {
            "start": {},
            "end": {}
          }
        ],
        "line": 94
      },
      "7": {
        "loc": {
          "start": {
            "line": 103,
            "column": 6
          },
          "end": {
            "line": 104,
            "column": 15
          }
        },
        "type": "if",
        "locations": [
          {
            "start": {
              "line": 103,
              "column": 6
            },
            "end": {
              "line": 104,
              "column": 15
            }
          },
          {
            "start": {},
            "end": {}
          }
        ],
        "line": 103
      },
      "8": {
        "loc": {
          "start": {
            "line": 106,
            "column": 6
          },
          "end": {
            "line": 107,
            "column": 54
          }
        },
        "type": "if",
        "locations": [
          {
            "start": {
              "line": 106,
              "column": 6
            },
            "end": {
              "line": 107,
              "column": 54
            }
          },
          {
            "start": {},
            "end": {}
          }
        ],
        "line": 106
      }
    },
    "s": {
      "0": 134,
      "1": 134,
      "2": 0,
      "3": 134,
      "4": 134,
      "5": 134,
      "6": 134,
      "7": 134,
      "8": 134,
      "9": 134,
      "10": 288,
      "11": 288,
      "12": 288,
      "13": 288,
      "14": 127,
      "15": 102,
      "16": 102,
      "17": 14,
      "18": 14,
      "19": 5,
      "20": 5,
      "21": 6,
      "22": 288,
      "23": 288,
      "24": 288,
      "25": 288,
      "26": 134,
      "27": 134,
      "28": 134,
      "29": 134,
      "30": 134,
      "31": 134,
      "32": 134,
      "33": 134,
      "34": 100,
      "35": 100,
      "36": 0,
      "37": 0,
      "38": 0,
      "39": 0,
      "40": 0
    },
    "f": {
      "0": 134,
      "1": 288,
      "2": 127,
      "3": 288,
      "4": 288,
      "5": 288,
      "6": 134,
      "7": 100,
      "8": 0
    },
    "b": {
      "0": [
        134,
        0
      ],
      "1": [
        0,
        134
      ],
      "2": [
        102,
        14,
        5,
        6
      ],
      "3": [
        204,
        84
      ],
      "4": [
        51,
        237
      ],
      "5": [
        15,
        273
      ],
      "6": [
        134,
        0
      ],
      "7": [
        0,
        0
      ],
      "8": [
        0,
        0
      ]
    },
    "inputSourceMap": {
      "version": 3,
      "mappings": "AA6BU;;;;;;;;;;;;;;;;AA7BV,SAAgBA,WAAWC,gBAAgB;AAC3C,SAASC,SAASC,mBAAmB;AAErC,OAAOC,YAAY;AAEnB,MAAMC,SAASA,MAAM;AAAAC;AACnB,QAAM,CAACC,MAAMC,OAAO,IAAIP,SAAiB,EAAE;AAC3C,QAAM;AAAA,IAAEQ;AAAAA,EAAS,IAAIN,YAAY;AAEjCH,YAAU,MAAM;AACd,YAAQS,UAAQ;AAAA,MACd,KAAK;AACHD,gBAAQ,MAAM;AACd;AAAA,MACF,KAAK;AACHA,gBAAQ,SAAS;AACjB;AAAA,MACF,KAAK;AACHA,gBAAQ,UAAU;AAClB;AAAA,MACF;AACEA,gBAAQ,WAAW;AAAA,IACvB;AAAA,EACF,GAAG,CAACC,QAAQ,CAAC;AAEb,SACE,uBAAC,SAAI,WAAWL,OAAOM,QAAQ,eAAY,eACzC,iCAAC,SAAI,WAAWN,OAAOO,WACrB;AAAA,2BAAC,SAAI,WAAWP,OAAOQ,KACrB;AAAA,6BAAC,WAAQ,IAAI,KAAK,WAAW,CAAC;AAAA,QAAEC;AAAAA,MAAS,MAAOA,WAAWT,OAAOU,SAASV,OAAOW,MAAO,oBAAzF;AAAA;AAAA;AAAA;AAAA,aAEA;AAAA,MACA,uBAAC,WACC,IAAI,YACJ,WAAW,CAAC;AAAA,QAAEF;AAAAA,MAAS,MAAOA,WAAWT,OAAOU,SAASV,OAAOW,MACjE,uBAHD;AAAA;AAAA;AAAA;AAAA,aAKA;AAAA,MACA,uBAAC,WACC,IAAI,aACJ,WAAW,CAAC;AAAA,QAAEF;AAAAA,MAAS,MAAOA,WAAWT,OAAOU,SAASV,OAAOW,MACjE,oBAHD;AAAA;AAAA;AAAA;AAAA,aAKA;AAAA,SAfF;AAAA;AAAA;AAAA;AAAA,WAgBA;AAAA,IACA,uBAAC,SAAI,WAAWX,OAAOG,MAAOA;AAAAA;AAAAA,MAAK;AAAA,SAAnC;AAAA;AAAA;AAAA;AAAA,WAAwC;AAAA,OAlB1C;AAAA;AAAA;AAAA;AAAA,SAmBA,KApBF;AAAA;AAAA;AAAA;AAAA,SAqBA;AAEJ;AAAED,GA5CID,QAAM;AAAA,UAEWF,WAAW;AAAA;AAAAa,KAF5BX;AA8CN,eAAeA;AAAO;AAAAY",
      "names": [
        "useEffect",
        "useState",
        "NavLink",
        "useLocation",
        "styles",
        "Header",
        "_s",
        "page",
        "setPage",
        "pathname",
        "header",
        "container",
        "nav",
        "isActive",
        "active",
        "link",
        "_c",
        "$RefreshReg$"
      ],
      "sources": [
        "E:/work/rs/react/component/deploy1/React2023Q1/src/components/Header/Header.tsx"
      ],
      "file": "E:/work/rs/react/component/deploy1/React2023Q1/src/components/Header/Header.tsx"
    },
    "_coverageSchema": "1a1c01bbd47fc00a2c39e90264f33305004495a9",
    "hash": "4f1e54a8b7ac162fa555d86d19d2e37308d2c207"
  },
  "E:/work/rs/react/component/deploy1/React2023Q1/src/components/App/App.tsx": {
    "path": "E:/work/rs/react/component/deploy1/React2023Q1/src/components/App/App.tsx",
    "statementMap": {
      "0": {
        "start": {
          "line": 5,
          "column": 0
        },
        "end": {
          "line": 15,
          "column": 1
        }
      },
      "1": {
        "start": {
          "line": 6,
          "column": 2
        },
        "end": {
          "line": 8,
          "column": 3
        }
      },
      "2": {
        "start": {
          "line": 7,
          "column": 4
        },
        "end": {
          "line": 7,
          "column": 165
        }
      },
      "3": {
        "start": {
          "line": 9,
          "column": 2
        },
        "end": {
          "line": 9,
          "column": 39
        }
      },
      "4": {
        "start": {
          "line": 10,
          "column": 2
        },
        "end": {
          "line": 10,
          "column": 39
        }
      },
      "5": {
        "start": {
          "line": 11,
          "column": 2
        },
        "end": {
          "line": 13,
          "column": 4
        }
      },
      "6": {
        "start": {
          "line": 12,
          "column": 4
        },
        "end": {
          "line": 12,
          "column": 117
        }
      },
      "7": {
        "start": {
          "line": 14,
          "column": 2
        },
        "end": {
          "line": 14,
          "column": 75
        }
      },
      "8": {
        "start": {
          "line": 23,
          "column": 12
        },
        "end": {
          "line": 77,
          "column": 1
        }
      },
      "9": {
        "start": {
          "line": 24,
          "column": 2
        },
        "end": {
          "line": 76,
          "column": 11
        }
      },
      "10": {
        "start": {
          "line": 78,
          "column": 0
        },
        "end": {
          "line": 78,
          "column": 9
        }
      },
      "11": {
        "start": {
          "line": 81,
          "column": 0
        },
        "end": {
          "line": 81,
          "column": 24
        }
      },
      "12": {
        "start": {
          "line": 82,
          "column": 0
        },
        "end": {
          "line": 98,
          "column": 1
        }
      },
      "13": {
        "start": {
          "line": 83,
          "column": 2
        },
        "end": {
          "line": 83,
          "column": 39
        }
      },
      "14": {
        "start": {
          "line": 84,
          "column": 2
        },
        "end": {
          "line": 84,
          "column": 39
        }
      },
      "15": {
        "start": {
          "line": 85,
          "column": 2
        },
        "end": {
          "line": 97,
          "column": 5
        }
      },
      "16": {
        "start": {
          "line": 89,
          "column": 4
        },
        "end": {
          "line": 89,
          "column": 143
        }
      },
      "17": {
        "start": {
          "line": 90,
          "column": 4
        },
        "end": {
          "line": 96,
          "column": 7
        }
      },
      "18": {
        "start": {
          "line": 91,
          "column": 6
        },
        "end": {
          "line": 92,
          "column": 15
        }
      },
      "19": {
        "start": {
          "line": 92,
          "column": 8
        },
        "end": {
          "line": 92,
          "column": 15
        }
      },
      "20": {
        "start": {
          "line": 93,
          "column": 32
        },
        "end": {
          "line": 93,
          "column": 115
        }
      },
      "21": {
        "start": {
          "line": 94,
          "column": 6
        },
        "end": {
          "line": 95,
          "column": 54
        }
      },
      "22": {
        "start": {
          "line": 95,
          "column": 8
        },
        "end": {
          "line": 95,
          "column": 54
        }
      }
    },
    "fnMap": {
      "0": {
        "name": "(anonymous_0)",
        "decl": {
          "start": {
            "line": 11,
            "column": 24
          },
          "end": {
            "line": 11,
            "column": 25
          }
        },
        "loc": {
          "start": {
            "line": 11,
            "column": 38
          },
          "end": {
            "line": 13,
            "column": 3
          }
        },
        "line": 11
      },
      "1": {
        "name": "(anonymous_1)",
        "decl": {
          "start": {
            "line": 23,
            "column": 12
          },
          "end": {
            "line": 23,
            "column": 13
          }
        },
        "loc": {
          "start": {
            "line": 23,
            "column": 18
          },
          "end": {
            "line": 77,
            "column": 1
          }
        },
        "line": 23
      },
      "2": {
        "name": "(anonymous_2)",
        "decl": {
          "start": {
            "line": 88,
            "column": 9
          },
          "end": {
            "line": 88,
            "column": 10
          }
        },
        "loc": {
          "start": {
            "line": 88,
            "column": 29
          },
          "end": {
            "line": 97,
            "column": 3
          }
        },
        "line": 88
      },
      "3": {
        "name": "(anonymous_3)",
        "decl": {
          "start": {
            "line": 90,
            "column": 27
          },
          "end": {
            "line": 90,
            "column": 28
          }
        },
        "loc": {
          "start": {
            "line": 90,
            "column": 44
          },
          "end": {
            "line": 96,
            "column": 5
          }
        },
        "line": 90
      }
    },
    "branchMap": {
      "0": {
        "loc": {
          "start": {
            "line": 5,
            "column": 0
          },
          "end": {
            "line": 15,
            "column": 1
          }
        },
        "type": "if",
        "locations": [
          {
            "start": {
              "line": 5,
              "column": 0
            },
            "end": {
              "line": 15,
              "column": 1
            }
          },
          {
            "start": {},
            "end": {}
          }
        ],
        "line": 5
      },
      "1": {
        "loc": {
          "start": {
            "line": 6,
            "column": 2
          },
          "end": {
            "line": 8,
            "column": 3
          }
        },
        "type": "if",
        "locations": [
          {
            "start": {
              "line": 6,
              "column": 2
            },
            "end": {
              "line": 8,
              "column": 3
            }
          },
          {
            "start": {},
            "end": {}
          }
        ],
        "line": 6
      },
      "2": {
        "loc": {
          "start": {
            "line": 82,
            "column": 0
          },
          "end": {
            "line": 98,
            "column": 1
          }
        },
        "type": "if",
        "locations": [
          {
            "start": {
              "line": 82,
              "column": 0
            },
            "end": {
              "line": 98,
              "column": 1
            }
          },
          {
            "start": {},
            "end": {}
          }
        ],
        "line": 82
      },
      "3": {
        "loc": {
          "start": {
            "line": 91,
            "column": 6
          },
          "end": {
            "line": 92,
            "column": 15
          }
        },
        "type": "if",
        "locations": [
          {
            "start": {
              "line": 91,
              "column": 6
            },
            "end": {
              "line": 92,
              "column": 15
            }
          },
          {
            "start": {},
            "end": {}
          }
        ],
        "line": 91
      },
      "4": {
        "loc": {
          "start": {
            "line": 94,
            "column": 6
          },
          "end": {
            "line": 95,
            "column": 54
          }
        },
        "type": "if",
        "locations": [
          {
            "start": {
              "line": 94,
              "column": 6
            },
            "end": {
              "line": 95,
              "column": 54
            }
          },
          {
            "start": {},
            "end": {}
          }
        ],
        "line": 94
      }
    },
    "s": {
      "0": 134,
      "1": 134,
      "2": 0,
      "3": 134,
      "4": 134,
      "5": 134,
      "6": 134,
      "7": 134,
      "8": 134,
      "9": 134,
      "10": 134,
      "11": 134,
      "12": 134,
      "13": 134,
      "14": 134,
      "15": 134,
      "16": 100,
      "17": 100,
      "18": 0,
      "19": 0,
      "20": 0,
      "21": 0,
      "22": 0
    },
    "f": {
      "0": 134,
      "1": 134,
      "2": 100,
      "3": 0
    },
    "b": {
      "0": [
        134,
        0
      ],
      "1": [
        0,
        134
      ],
      "2": [
        134,
        0
      ],
      "3": [
        0,
        0
      ],
      "4": [
        0,
        0
      ]
    },
    "inputSourceMap": {
      "version": 3,
      "mappings": "AAaM;AAbN,OAAOA,oBAAkB;AAAA;AAAA;AAAA;AAAA;AAAA;AAAA;AAAA;AAAA;AAAA;AAAA;AAAA;AAAA;AAAA;AACzB,SAASC,QAAQC,aAAa;AAC9B,OAAOC,eAAe;AACtB,OAAOC,cAAc;AACrB,OAAOC,cAAc;AACrB,OAAOC,eAAe;AACtB,OAAOC,YAAY;AAEnB,OAAO;AAEP,MAAMC,MAAMA,MAAM;AAChB,SACE,uBAAC,SAAI,WAAU,OACb;AAAA,2BAAC,YAAD;AAAA;AAAA;AAAA;AAAA,WAAO;AAAA,IACP,uBAAC,UACC;AAAA,6BAAC,SAAM,OAAK,MAAC,SAAS,uBAAC,cAAD;AAAA;AAAA;AAAA;AAAA,aAAS,KAA/B;AAAA;AAAA;AAAA;AAAA,aAAmC;AAAA,MACnC,uBAAC,SAAM,MAAK,YAAW,SAAS,uBAAC,eAAD;AAAA;AAAA;AAAA;AAAA,aAAU,KAA1C;AAAA;AAAA;AAAA;AAAA,aAA8C;AAAA,MAC9C,uBAAC,SAAM,MAAK,aAAY,SAAS,uBAAC,cAAD;AAAA;AAAA;AAAA;AAAA,aAAS,KAA1C;AAAA;AAAA;AAAA;AAAA,aAA8C;AAAA,MAC9C,uBAAC,SAAM,MAAK,MAAK,SAAS,uBAAC,eAAD;AAAA;AAAA;AAAA;AAAA,aAAU,KAApC;AAAA;AAAA;AAAA;AAAA,aAAwC;AAAA,SAJ1C;AAAA;AAAA;AAAA;AAAA,WAKA;AAAA,OAPF;AAAA;AAAA;AAAA;AAAA,SAQA;AAEJ;AAAEC,KAZID;AAcN,eAAeA;AAAI;AAAAE",
      "names": [
        "React",
        "Routes",
        "Route",
        "AboutPage",
        "MainPage",
        "FormPage",
        "ErrorPage",
        "Header",
        "App",
        "_c",
        "$RefreshReg$"
      ],
      "sources": [
        "E:/work/rs/react/component/deploy1/React2023Q1/src/components/App/App.tsx"
      ],
      "file": "E:/work/rs/react/component/deploy1/React2023Q1/src/components/App/App.tsx"
    },
    "_coverageSchema": "1a1c01bbd47fc00a2c39e90264f33305004495a9",
    "hash": "110a07b2666611cfed31fac26ec0be2d646cc7be"
  },
  "E:/work/rs/react/component/deploy1/React2023Q1/src/store/store.ts": {
    "path": "E:/work/rs/react/component/deploy1/React2023Q1/src/store/store.ts",
    "statementMap": {
      "0": {
        "start": {
          "line": 5,
          "column": 28
        },
        "end": {
          "line": 13,
          "column": 2
        }
      },
      "1": {
        "start": {
          "line": 5,
          "column": 48
        },
        "end": {
          "line": 13,
          "column": 2
        }
      },
      "2": {
        "start": {
          "line": 12,
          "column": 40
        },
        "end": {
          "line": 12,
          "column": 90
        }
      }
    },
    "fnMap": {
      "0": {
        "name": "(anonymous_0)",
        "decl": {
          "start": {
            "line": 5,
            "column": 28
          },
          "end": {
            "line": 5,
            "column": 29
          }
        },
        "loc": {
          "start": {
            "line": 5,
            "column": 48
          },
          "end": {
            "line": 13,
            "column": 2
          }
        },
        "line": 5
      },
      "1": {
        "name": "(anonymous_1)",
        "decl": {
          "start": {
            "line": 12,
            "column": 14
          },
          "end": {
            "line": 12,
            "column": 15
          }
        },
        "loc": {
          "start": {
            "line": 12,
            "column": 40
          },
          "end": {
            "line": 12,
            "column": 90
          }
        },
        "line": 12
      }
    },
    "branchMap": {},
    "s": {
      "0": 134,
      "1": 134,
      "2": 134
    },
    "f": {
      "0": 134,
      "1": 134
    },
    "b": {},
    "inputSourceMap": {
      "version": 3,
      "sources": [
        "E:/work/rs/react/component/deploy1/React2023Q1/src/store/store.ts"
      ],
      "mappings": "AAAA,SAAS,sBAAsC;AAC/C,OAAO,mBAAmB;AAC1B,OAAO,qBAAqB;AAC5B,SAAS,gBAAgB;AAalB,aAAM,eAAe,CAAC,mBAC3B,eAAe;AAAA,EACb;AAAA,EACA,SAAS;AAAA,IACP,QAAQ;AAAA,IACR,UAAU;AAAA,IACV,CAAC,SAAS,WAAW,GAAG,SAAS;AAAA,EACnC;AAAA,EACA,YAAY,CAAC,yBAAyB,qBAAqB,EAAE,OAAO,SAAS,UAAU;AACzF,CAAC;",
      "names": []
    },
    "_coverageSchema": "1a1c01bbd47fc00a2c39e90264f33305004495a9",
    "hash": "ea4604f0f3d51e2b1e66b1b747c7c9d04bd0e1d2"
  },
  "E:/work/rs/react/component/deploy1/React2023Q1/src/entry-client.tsx": {
    "path": "E:/work/rs/react/component/deploy1/React2023Q1/src/entry-client.tsx",
    "statementMap": {
      "0": {
        "start": {
          "line": 8,
          "column": 14
        },
        "end": {
          "line": 8,
          "column": 50
        }
      },
      "1": {
        "start": {
          "line": 9,
          "column": 0
        },
        "end": {
          "line": 9,
          "column": 30
        }
      },
      "2": {
        "start": {
          "line": 10,
          "column": 0
        },
        "end": {
          "line": 22,
          "column": 10
        }
      }
    },
    "fnMap": {},
    "branchMap": {},
    "s": {
      "0": 134,
      "1": 134,
      "2": 134
    },
    "f": {},
    "b": {},
    "inputSourceMap": {
      "version": 3,
      "mappings": "AAqBM;AApBN,OAAOA,cAAc;AACrB,SAASC,gBAAgB;AACzB,SAASC,qBAAqB;AAC9B,OAAOC,SAAS;AAChB,SAASC,oBAA+B;AAExC,OAAO;AAOP,MAAMC,QAAQD,aAAcE,OAAsBC,eAAe;AACjE,OAAQD,OAAsBC;AAE9BP,SAASQ,YACPC,SAASC,eAAe,KAAK,GAC7B,uBAAC,YAAS,OACR,iCAAC,iBACC,iCAAC,SAAD;AAAA;AAAA;AAAA;AAAA,OAAI,KADN;AAAA;AAAA;AAAA;AAAA,OAEA,KAHF;AAAA;AAAA;AAAA;AAAA,OAIA,CACF",
      "names": [
        "ReactDOM",
        "Provider",
        "BrowserRouter",
        "App",
        "initialStore",
        "store",
        "window",
        "PRELOADED_STATE",
        "hydrateRoot",
        "document",
        "getElementById"
      ],
      "sources": [
        "E:/work/rs/react/component/deploy1/React2023Q1/src/entry-client.tsx"
      ],
      "file": "E:/work/rs/react/component/deploy1/React2023Q1/src/entry-client.tsx"
    },
    "_coverageSchema": "1a1c01bbd47fc00a2c39e90264f33305004495a9",
    "hash": "bf1bc987ec3893f0d83f56dff84fc63c62cc320f"
  }
}