{"E:\\work\\rs\\react\\component\\deploy1\\React2023Q1\\src\\components\\App\\App.tsx": {"path":"E:\\work\\rs\\react\\component\\deploy1\\React2023Q1\\src\\components\\App\\App.tsx","all":false,"statementMap":{"0":{"start":{"line":1,"column":0},"end":{"line":1,"column":26}},"1":{"start":{"line":2,"column":0},"end":{"line":2,"column":49}},"2":{"start":{"line":3,"column":0},"end":{"line":3,"column":54}},"3":{"start":{"line":4,"column":0},"end":{"line":4,"column":53}},"4":{"start":{"line":5,"column":0},"end":{"line":5,"column":53}},"5":{"start":{"line":6,"column":0},"end":{"line":6,"column":56}},"6":{"start":{"line":7,"column":0},"end":{"line":7,"column":38}},"7":{"start":{"line":8,"column":0},"end":{"line":8,"column":0}},"8":{"start":{"line":9,"column":0},"end":{"line":9,"column":19}},"9":{"start":{"line":10,"column":0},"end":{"line":10,"column":50}},"10":{"start":{"line":11,"column":0},"end":{"line":11,"column":12}},"11":{"start":{"line":12,"column":0},"end":{"line":12,"column":12}},"12":{"start":{"line":13,"column":0},"end":{"line":13,"column":27}},"13":{"start":{"line":14,"column":0},"end":{"line":14,"column":18}},"14":{"start":{"line":15,"column":0},"end":{"line":15,"column":16}},"15":{"start":{"line":16,"column":0},"end":{"line":16,"column":48}},"16":{"start":{"line":17,"column":0},"end":{"line":17,"column":59}},"17":{"start":{"line":18,"column":0},"end":{"line":18,"column":59}},"18":{"start":{"line":19,"column":0},"end":{"line":19,"column":53}},"19":{"start":{"line":20,"column":0},"end":{"line":20,"column":17}},"20":{"start":{"line":21,"column":0},"end":{"line":21,"column":12}},"21":{"start":{"line":22,"column":0},"end":{"line":22,"column":6}},"22":{"start":{"line":23,"column":0},"end":{"line":23,"column":3}},"23":{"start":{"line":24,"column":0},"end":{"line":24,"column":1}}},"s":{"0":1,"1":1,"2":1,"3":1,"4":1,"5":1,"6":1,"7":1,"8":1,"9":1,"10":1,"11":1,"12":1,"13":1,"14":1,"15":1,"16":1,"17":1,"18":1,"19":1,"20":1,"21":1,"22":1,"23":1},"branchMap":{"0":{"type":"branch","line":11,"loc":{"start":{"line":11,"column":2},"end":{"line":23,"column":3}},"locations":[{"start":{"line":11,"column":2},"end":{"line":23,"column":3}}]}},"b":{"0":[1]},"fnMap":{"0":{"name":"render","decl":{"start":{"line":11,"column":2},"end":{"line":23,"column":3}},"loc":{"start":{"line":11,"column":2},"end":{"line":23,"column":3}},"line":11}},"f":{"0":1}}
,"E:\\work\\rs\\react\\component\\deploy1\\React2023Q1\\src\\components\\Card\\Card.tsx": {"path":"E:\\work\\rs\\react\\component\\deploy1\\React2023Q1\\src\\components\\Card\\Card.tsx","all":false,"statementMap":{"0":{"start":{"line":1,"column":0},"end":{"line":1,"column":26}},"1":{"start":{"line":2,"column":0},"end":{"line":2,"column":44}},"2":{"start":{"line":3,"column":0},"end":{"line":3,"column":40}},"3":{"start":{"line":4,"column":0},"end":{"line":4,"column":0}},"4":{"start":{"line":5,"column":0},"end":{"line":5,"column":21}},"5":{"start":{"line":6,"column":0},"end":{"line":6,"column":17}},"6":{"start":{"line":7,"column":0},"end":{"line":7,"column":1}},"7":{"start":{"line":8,"column":0},"end":{"line":8,"column":0}},"8":{"start":{"line":9,"column":0},"end":{"line":9,"column":62}},"9":{"start":{"line":10,"column":0},"end":{"line":10,"column":12}},"10":{"start":{"line":11,"column":0},"end":{"line":11,"column":85}},"11":{"start":{"line":12,"column":0},"end":{"line":12,"column":12}},"12":{"start":{"line":13,"column":0},"end":{"line":13,"column":54}},"13":{"start":{"line":14,"column":0},"end":{"line":14,"column":47}},"14":{"start":{"line":15,"column":0},"end":{"line":15,"column":40}},"15":{"start":{"line":16,"column":0},"end":{"line":16,"column":43}},"16":{"start":{"line":17,"column":0},"end":{"line":17,"column":16}},"17":{"start":{"line":18,"column":0},"end":{"line":18,"column":42}},"18":{"start":{"line":19,"column":0},"end":{"line":19,"column":54}},"19":{"start":{"line":20,"column":0},"end":{"line":20,"column":47}},"20":{"start":{"line":21,"column":0},"end":{"line":21,"column":37}},"21":{"start":{"line":22,"column":0},"end":{"line":22,"column":43}},"22":{"start":{"line":23,"column":0},"end":{"line":23,"column":39}},"23":{"start":{"line":24,"column":0},"end":{"line":24,"column":39}},"24":{"start":{"line":25,"column":0},"end":{"line":25,"column":17}},"25":{"start":{"line":26,"column":0},"end":{"line":26,"column":16}},"26":{"start":{"line":27,"column":0},"end":{"line":27,"column":14}},"27":{"start":{"line":28,"column":0},"end":{"line":28,"column":43}},"28":{"start":{"line":29,"column":0},"end":{"line":29,"column":54}},"29":{"start":{"line":30,"column":0},"end":{"line":30,"column":14}},"30":{"start":{"line":31,"column":0},"end":{"line":31,"column":12}},"31":{"start":{"line":32,"column":0},"end":{"line":32,"column":6}},"32":{"start":{"line":33,"column":0},"end":{"line":33,"column":3}},"33":{"start":{"line":34,"column":0},"end":{"line":34,"column":1}}},"s":{"0":1,"1":1,"2":1,"3":1,"4":1,"5":1,"6":1,"7":1,"8":1,"9":1,"10":9,"11":9,"12":9,"13":9,"14":9,"15":9,"16":9,"17":9,"18":9,"19":9,"20":9,"21":9,"22":9,"23":9,"24":9,"25":9,"26":9,"27":9,"28":9,"29":9,"30":9,"31":9,"32":9,"33":1},"branchMap":{"0":{"type":"branch","line":10,"loc":{"start":{"line":10,"column":2},"end":{"line":33,"column":3}},"locations":[{"start":{"line":10,"column":2},"end":{"line":33,"column":3}}]}},"b":{"0":[9]},"fnMap":{"0":{"name":"render","decl":{"start":{"line":10,"column":2},"end":{"line":33,"column":3}},"loc":{"start":{"line":10,"column":2},"end":{"line":33,"column":3}},"line":10}},"f":{"0":9}}
,"E:\\work\\rs\\react\\component\\deploy1\\React2023Q1\\src\\components\\Cards\\Cards.tsx": {"path":"E:\\work\\rs\\react\\component\\deploy1\\React2023Q1\\src\\components\\Cards\\Cards.tsx","all":false,"statementMap":{"0":{"start":{"line":1,"column":0},"end":{"line":1,"column":26}},"1":{"start":{"line":2,"column":0},"end":{"line":2,"column":44}},"2":{"start":{"line":3,"column":0},"end":{"line":3,"column":44}},"3":{"start":{"line":4,"column":0},"end":{"line":4,"column":32}},"4":{"start":{"line":5,"column":0},"end":{"line":5,"column":0}},"5":{"start":{"line":6,"column":0},"end":{"line":6,"column":41}},"6":{"start":{"line":7,"column":0},"end":{"line":7,"column":0}},"7":{"start":{"line":8,"column":0},"end":{"line":8,"column":22}},"8":{"start":{"line":9,"column":0},"end":{"line":9,"column":20}},"9":{"start":{"line":10,"column":0},"end":{"line":10,"column":1}},"10":{"start":{"line":11,"column":0},"end":{"line":11,"column":0}},"11":{"start":{"line":12,"column":0},"end":{"line":12,"column":52}},"12":{"start":{"line":13,"column":0},"end":{"line":13,"column":23}},"13":{"start":{"line":14,"column":0},"end":{"line":14,"column":14}},"14":{"start":{"line":15,"column":0},"end":{"line":15,"column":4}},"15":{"start":{"line":16,"column":0},"end":{"line":16,"column":0}},"16":{"start":{"line":17,"column":0},"end":{"line":17,"column":29}},"17":{"start":{"line":18,"column":0},"end":{"line":18,"column":40}},"18":{"start":{"line":19,"column":0},"end":{"line":19,"column":3}},"19":{"start":{"line":20,"column":0},"end":{"line":20,"column":12}},"20":{"start":{"line":21,"column":0},"end":{"line":21,"column":12}},"21":{"start":{"line":22,"column":0},"end":{"line":22,"column":56}},"22":{"start":{"line":23,"column":0},"end":{"line":23,"column":41}},"23":{"start":{"line":24,"column":0},"end":{"line":24,"column":44}},"24":{"start":{"line":25,"column":0},"end":{"line":25,"column":11}},"25":{"start":{"line":26,"column":0},"end":{"line":26,"column":12}},"26":{"start":{"line":27,"column":0},"end":{"line":27,"column":6}},"27":{"start":{"line":28,"column":0},"end":{"line":28,"column":3}},"28":{"start":{"line":29,"column":0},"end":{"line":29,"column":1}}},"s":{"0":1,"1":1,"2":1,"3":1,"4":1,"5":1,"6":1,"7":1,"8":1,"9":1,"10":1,"11":1,"12":1,"13":1,"14":1,"15":1,"16":1,"17":1,"18":1,"19":1,"20":2,"21":2,"22":2,"23":8,"24":2,"25":2,"26":2,"27":2,"28":1},"branchMap":{"0":{"type":"branch","line":13,"loc":{"start":{"line":13,"column":2},"end":{"line":15,"column":4}},"locations":[{"start":{"line":13,"column":2},"end":{"line":15,"column":4}}]},"1":{"type":"branch","line":17,"loc":{"start":{"line":17,"column":2},"end":{"line":19,"column":3}},"locations":[{"start":{"line":17,"column":2},"end":{"line":19,"column":3}}]},"2":{"type":"branch","line":20,"loc":{"start":{"line":20,"column":2},"end":{"line":28,"column":3}},"locations":[{"start":{"line":20,"column":2},"end":{"line":28,"column":3}}]},"3":{"type":"branch","line":23,"loc":{"start":{"line":23,"column":30},"end":{"line":24,"column":44}},"locations":[{"start":{"line":23,"column":30},"end":{"line":24,"column":44}}]}},"b":{"0":[1],"1":[1],"2":[2],"3":[8]},"fnMap":{"0":{"name":"<instance_members_initializer>","decl":{"start":{"line":13,"column":2},"end":{"line":15,"column":4}},"loc":{"start":{"line":13,"column":2},"end":{"line":15,"column":4}},"line":13},"1":{"name":"componentDidMount","decl":{"start":{"line":17,"column":2},"end":{"line":19,"column":3}},"loc":{"start":{"line":17,"column":2},"end":{"line":19,"column":3}},"line":17},"2":{"name":"render","decl":{"start":{"line":20,"column":2},"end":{"line":28,"column":3}},"loc":{"start":{"line":20,"column":2},"end":{"line":28,"column":3}},"line":20}},"f":{"0":1,"1":1,"2":2}}
,"E:\\work\\rs\\react\\component\\deploy1\\React2023Q1\\src\\components\\FormUserCard\\FormUserCard.tsx": {"path":"E:\\work\\rs\\react\\component\\deploy1\\React2023Q1\\src\\components\\FormUserCard\\FormUserCard.tsx","all":false,"statementMap":{"0":{"start":{"line":1,"column":0},"end":{"line":1,"column":26}},"1":{"start":{"line":2,"column":0},"end":{"line":2,"column":65}},"2":{"start":{"line":3,"column":0},"end":{"line":3,"column":48}},"3":{"start":{"line":4,"column":0},"end":{"line":4,"column":0}},"4":{"start":{"line":5,"column":0},"end":{"line":5,"column":25}},"5":{"start":{"line":6,"column":0},"end":{"line":6,"column":25}},"6":{"start":{"line":7,"column":0},"end":{"line":7,"column":2}},"7":{"start":{"line":8,"column":0},"end":{"line":8,"column":0}},"8":{"start":{"line":9,"column":0},"end":{"line":9,"column":77}},"9":{"start":{"line":10,"column":0},"end":{"line":10,"column":12}},"10":{"start":{"line":11,"column":0},"end":{"line":11,"column":83}},"11":{"start":{"line":12,"column":0},"end":{"line":12,"column":12}},"12":{"start":{"line":13,"column":0},"end":{"line":13,"column":53}},"13":{"start":{"line":14,"column":0},"end":{"line":14,"column":69}},"14":{"start":{"line":15,"column":0},"end":{"line":15,"column":36}},"15":{"start":{"line":16,"column":0},"end":{"line":16,"column":70}},"16":{"start":{"line":17,"column":0},"end":{"line":17,"column":14}},"17":{"start":{"line":18,"column":0},"end":{"line":18,"column":36}},"18":{"start":{"line":19,"column":0},"end":{"line":19,"column":68}},"19":{"start":{"line":20,"column":0},"end":{"line":20,"column":14}},"20":{"start":{"line":21,"column":0},"end":{"line":21,"column":36}},"21":{"start":{"line":22,"column":0},"end":{"line":22,"column":67}},"22":{"start":{"line":23,"column":0},"end":{"line":23,"column":14}},"23":{"start":{"line":24,"column":0},"end":{"line":24,"column":36}},"24":{"start":{"line":25,"column":0},"end":{"line":25,"column":60}},"25":{"start":{"line":26,"column":0},"end":{"line":26,"column":14}},"26":{"start":{"line":27,"column":0},"end":{"line":27,"column":36}},"27":{"start":{"line":28,"column":0},"end":{"line":28,"column":65}},"28":{"start":{"line":29,"column":0},"end":{"line":29,"column":14}},"29":{"start":{"line":30,"column":0},"end":{"line":30,"column":11}},"30":{"start":{"line":31,"column":0},"end":{"line":31,"column":6}},"31":{"start":{"line":32,"column":0},"end":{"line":32,"column":3}},"32":{"start":{"line":33,"column":0},"end":{"line":33,"column":1}}},"s":{"0":1,"1":1,"2":1,"3":1,"4":1,"5":1,"6":1,"7":1,"8":1,"9":1,"10":3,"11":3,"12":3,"13":3,"14":3,"15":3,"16":3,"17":3,"18":3,"19":3,"20":3,"21":3,"22":3,"23":3,"24":3,"25":3,"26":3,"27":3,"28":3,"29":3,"30":3,"31":3,"32":1},"branchMap":{"0":{"type":"branch","line":10,"loc":{"start":{"line":10,"column":2},"end":{"line":32,"column":3}},"locations":[{"start":{"line":10,"column":2},"end":{"line":32,"column":3}}]}},"b":{"0":[3]},"fnMap":{"0":{"name":"render","decl":{"start":{"line":10,"column":2},"end":{"line":32,"column":3}},"loc":{"start":{"line":10,"column":2},"end":{"line":32,"column":3}},"line":10}},"f":{"0":3}}
,"E:\\work\\rs\\react\\component\\deploy1\\React2023Q1\\src\\components\\FormUsersList\\FormUsersList.tsx": {"path":"E:\\work\\rs\\react\\component\\deploy1\\React2023Q1\\src\\components\\FormUsersList\\FormUsersList.tsx","all":false,"statementMap":{"0":{"start":{"line":1,"column":0},"end":{"line":1,"column":26}},"1":{"start":{"line":2,"column":0},"end":{"line":2,"column":56}},"2":{"start":{"line":3,"column":0},"end":{"line":3,"column":65}},"3":{"start":{"line":4,"column":0},"end":{"line":4,"column":49}},"4":{"start":{"line":5,"column":0},"end":{"line":5,"column":0}},"5":{"start":{"line":6,"column":0},"end":{"line":6,"column":91}},"6":{"start":{"line":7,"column":0},"end":{"line":7,"column":29}},"7":{"start":{"line":8,"column":0},"end":{"line":8,"column":12}},"8":{"start":{"line":9,"column":0},"end":{"line":9,"column":34}},"9":{"start":{"line":10,"column":0},"end":{"line":10,"column":41}},"10":{"start":{"line":11,"column":0},"end":{"line":11,"column":52}},"11":{"start":{"line":12,"column":0},"end":{"line":12,"column":11}},"12":{"start":{"line":13,"column":0},"end":{"line":13,"column":11}},"13":{"start":{"line":14,"column":0},"end":{"line":14,"column":6}},"14":{"start":{"line":15,"column":0},"end":{"line":15,"column":3}},"15":{"start":{"line":16,"column":0},"end":{"line":16,"column":1}}},"s":{"0":1,"1":1,"2":1,"3":1,"4":1,"5":1,"6":1,"7":2,"8":2,"9":2,"10":2,"11":2,"12":2,"13":2,"14":2,"15":1},"branchMap":{"0":{"type":"branch","line":7,"loc":{"start":{"line":7,"column":2},"end":{"line":15,"column":3}},"locations":[{"start":{"line":7,"column":2},"end":{"line":15,"column":3}}]},"1":{"type":"branch","line":10,"loc":{"start":{"line":10,"column":30},"end":{"line":11,"column":52}},"locations":[{"start":{"line":10,"column":30},"end":{"line":11,"column":52}}]}},"b":{"0":[2],"1":[2]},"fnMap":{"0":{"name":"render","decl":{"start":{"line":7,"column":2},"end":{"line":15,"column":3}},"loc":{"start":{"line":7,"column":2},"end":{"line":15,"column":3}},"line":7}},"f":{"0":2}}
,"E:\\work\\rs\\react\\component\\deploy1\\React2023Q1\\src\\components\\Header\\Header.tsx": {"path":"E:\\work\\rs\\react\\component\\deploy1\\React2023Q1\\src\\components\\Header\\Header.tsx","all":false,"statementMap":{"0":{"start":{"line":1,"column":0},"end":{"line":1,"column":26}},"1":{"start":{"line":2,"column":0},"end":{"line":2,"column":43}},"2":{"start":{"line":3,"column":0},"end":{"line":3,"column":51}},"3":{"start":{"line":4,"column":0},"end":{"line":4,"column":56}},"4":{"start":{"line":5,"column":0},"end":{"line":5,"column":0}},"5":{"start":{"line":6,"column":0},"end":{"line":6,"column":42}},"6":{"start":{"line":7,"column":0},"end":{"line":7,"column":0}},"7":{"start":{"line":8,"column":0},"end":{"line":8,"column":55}},"8":{"start":{"line":9,"column":0},"end":{"line":9,"column":12}},"9":{"start":{"line":10,"column":0},"end":{"line":10,"column":45}},"10":{"start":{"line":11,"column":0},"end":{"line":11,"column":13}},"11":{"start":{"line":12,"column":0},"end":{"line":12,"column":23}},"12":{"start":{"line":13,"column":0},"end":{"line":13,"column":15}},"13":{"start":{"line":14,"column":0},"end":{"line":14,"column":22}},"14":{"start":{"line":15,"column":0},"end":{"line":15,"column":14}},"15":{"start":{"line":16,"column":0},"end":{"line":16,"column":22}},"16":{"start":{"line":17,"column":0},"end":{"line":17,"column":25}},"17":{"start":{"line":18,"column":0},"end":{"line":18,"column":14}},"18":{"start":{"line":19,"column":0},"end":{"line":19,"column":23}},"19":{"start":{"line":20,"column":0},"end":{"line":20,"column":26}},"20":{"start":{"line":21,"column":0},"end":{"line":21,"column":14}},"21":{"start":{"line":22,"column":0},"end":{"line":22,"column":14}},"22":{"start":{"line":23,"column":0},"end":{"line":23,"column":27}},"23":{"start":{"line":24,"column":0},"end":{"line":24,"column":5}},"24":{"start":{"line":25,"column":0},"end":{"line":25,"column":0}},"25":{"start":{"line":26,"column":0},"end":{"line":26,"column":12}},"26":{"start":{"line":27,"column":0},"end":{"line":27,"column":37}},"27":{"start":{"line":28,"column":0},"end":{"line":28,"column":42}},"28":{"start":{"line":29,"column":0},"end":{"line":29,"column":38}},"29":{"start":{"line":30,"column":0},"end":{"line":30,"column":20}},"30":{"start":{"line":31,"column":0},"end":{"line":31,"column":22}},"31":{"start":{"line":32,"column":0},"end":{"line":32,"column":84}},"32":{"start":{"line":33,"column":0},"end":{"line":33,"column":13}},"33":{"start":{"line":34,"column":0},"end":{"line":34,"column":18}},"34":{"start":{"line":35,"column":0},"end":{"line":35,"column":22}},"35":{"start":{"line":36,"column":0},"end":{"line":36,"column":20}},"36":{"start":{"line":37,"column":0},"end":{"line":37,"column":29}},"37":{"start":{"line":38,"column":0},"end":{"line":38,"column":84}},"38":{"start":{"line":39,"column":0},"end":{"line":39,"column":13}},"39":{"start":{"line":40,"column":0},"end":{"line":40,"column":21}},"40":{"start":{"line":41,"column":0},"end":{"line":41,"column":22}},"41":{"start":{"line":42,"column":0},"end":{"line":42,"column":20}},"42":{"start":{"line":43,"column":0},"end":{"line":43,"column":30}},"43":{"start":{"line":44,"column":0},"end":{"line":44,"column":84}},"44":{"start":{"line":45,"column":0},"end":{"line":45,"column":13}},"45":{"start":{"line":46,"column":0},"end":{"line":46,"column":18}},"46":{"start":{"line":47,"column":0},"end":{"line":47,"column":22}},"47":{"start":{"line":48,"column":0},"end":{"line":48,"column":16}},"48":{"start":{"line":49,"column":0},"end":{"line":49,"column":56}},"49":{"start":{"line":50,"column":0},"end":{"line":50,"column":14}},"50":{"start":{"line":51,"column":0},"end":{"line":51,"column":12}},"51":{"start":{"line":52,"column":0},"end":{"line":52,"column":6}},"52":{"start":{"line":53,"column":0},"end":{"line":53,"column":3}},"53":{"start":{"line":54,"column":0},"end":{"line":54,"column":1}},"54":{"start":{"line":55,"column":0},"end":{"line":55,"column":0}},"55":{"start":{"line":56,"column":0},"end":{"line":56,"column":34}}},"s":{"0":1,"1":1,"2":1,"3":1,"4":1,"5":1,"6":1,"7":1,"8":1,"9":1,"10":1,"11":1,"12":1,"13":0,"14":0,"15":1,"16":0,"17":0,"18":1,"19":0,"20":0,"21":1,"22":1,"23":1,"24":1,"25":1,"26":1,"27":1,"28":1,"29":1,"30":1,"31":1,"32":1,"33":1,"34":1,"35":1,"36":1,"37":1,"38":1,"39":1,"40":1,"41":1,"42":1,"43":1,"44":1,"45":1,"46":1,"47":1,"48":1,"49":1,"50":1,"51":1,"52":1,"53":1,"54":1,"55":1},"branchMap":{"0":{"type":"branch","line":9,"loc":{"start":{"line":9,"column":2},"end":{"line":53,"column":3}},"locations":[{"start":{"line":9,"column":2},"end":{"line":53,"column":3}}]},"1":{"type":"branch","line":13,"loc":{"start":{"line":13,"column":6},"end":{"line":15,"column":14}},"locations":[{"start":{"line":13,"column":6},"end":{"line":15,"column":14}}]},"2":{"type":"branch","line":16,"loc":{"start":{"line":16,"column":6},"end":{"line":18,"column":14}},"locations":[{"start":{"line":16,"column":6},"end":{"line":18,"column":14}}]},"3":{"type":"branch","line":19,"loc":{"start":{"line":19,"column":6},"end":{"line":21,"column":14}},"locations":[{"start":{"line":19,"column":6},"end":{"line":21,"column":14}}]},"4":{"type":"branch","line":32,"loc":{"start":{"line":32,"column":25},"end":{"line":32,"column":84}},"locations":[{"start":{"line":32,"column":25},"end":{"line":32,"column":84}}]},"5":{"type":"branch","line":32,"loc":{"start":{"line":32,"column":44},"end":{"line":32,"column":71}},"locations":[{"start":{"line":32,"column":44},"end":{"line":32,"column":71}}]},"6":{"type":"branch","line":38,"loc":{"start":{"line":38,"column":25},"end":{"line":38,"column":84}},"locations":[{"start":{"line":38,"column":25},"end":{"line":38,"column":84}}]},"7":{"type":"branch","line":38,"loc":{"start":{"line":38,"column":44},"end":{"line":38,"column":71}},"locations":[{"start":{"line":38,"column":44},"end":{"line":38,"column":71}}]},"8":{"type":"branch","line":44,"loc":{"start":{"line":44,"column":25},"end":{"line":44,"column":84}},"locations":[{"start":{"line":44,"column":25},"end":{"line":44,"column":84}}]},"9":{"type":"branch","line":44,"loc":{"start":{"line":44,"column":44},"end":{"line":44,"column":71}},"locations":[{"start":{"line":44,"column":44},"end":{"line":44,"column":71}}]}},"b":{"0":[1],"1":[0],"2":[0],"3":[0],"4":[1],"5":[0],"6":[1],"7":[0],"8":[1],"9":[0]},"fnMap":{"0":{"name":"render","decl":{"start":{"line":9,"column":2},"end":{"line":53,"column":3}},"loc":{"start":{"line":9,"column":2},"end":{"line":53,"column":3}},"line":9},"1":{"name":"className","decl":{"start":{"line":32,"column":25},"end":{"line":32,"column":84}},"loc":{"start":{"line":32,"column":25},"end":{"line":32,"column":84}},"line":32},"2":{"name":"className","decl":{"start":{"line":38,"column":25},"end":{"line":38,"column":84}},"loc":{"start":{"line":38,"column":25},"end":{"line":38,"column":84}},"line":38},"3":{"name":"className","decl":{"start":{"line":44,"column":25},"end":{"line":44,"column":84}},"loc":{"start":{"line":44,"column":25},"end":{"line":44,"column":84}},"line":44}},"f":{"0":1,"1":1,"2":1,"3":1}}
,"E:\\work\\rs\\react\\component\\deploy1\\React2023Q1\\src\\components\\RegistrationUserForm\\RegistrationUserForm.tsx": {"path":"E:\\work\\rs\\react\\component\\deploy1\\React2023Q1\\src\\components\\RegistrationUserForm\\RegistrationUserForm.tsx","all":false,"statementMap":{"0":{"start":{"line":1,"column":0},"end":{"line":1,"column":26}},"1":{"start":{"line":2,"column":0},"end":{"line":2,"column":65}},"2":{"start":{"line":3,"column":0},"end":{"line":3,"column":56}},"3":{"start":{"line":4,"column":0},"end":{"line":4,"column":0}},"4":{"start":{"line":5,"column":0},"end":{"line":5,"column":30}},"5":{"start":{"line":6,"column":0},"end":{"line":6,"column":44}},"6":{"start":{"line":7,"column":0},"end":{"line":7,"column":2}},"7":{"start":{"line":8,"column":0},"end":{"line":8,"column":30}},"8":{"start":{"line":9,"column":0},"end":{"line":9,"column":43}},"9":{"start":{"line":10,"column":0},"end":{"line":10,"column":21}},"10":{"start":{"line":11,"column":0},"end":{"line":11,"column":2}},"11":{"start":{"line":12,"column":0},"end":{"line":12,"column":0}},"12":{"start":{"line":13,"column":0},"end":{"line":13,"column":66}},"13":{"start":{"line":14,"column":0},"end":{"line":14,"column":24}},"14":{"start":{"line":15,"column":0},"end":{"line":15,"column":23}},"15":{"start":{"line":16,"column":0},"end":{"line":16,"column":3}},"16":{"start":{"line":17,"column":0},"end":{"line":17,"column":47}},"17":{"start":{"line":18,"column":0},"end":{"line":18,"column":46}},"18":{"start":{"line":19,"column":0},"end":{"line":19,"column":46}},"19":{"start":{"line":20,"column":0},"end":{"line":20,"column":46}},"20":{"start":{"line":21,"column":0},"end":{"line":21,"column":45}},"21":{"start":{"line":22,"column":0},"end":{"line":22,"column":47}},"22":{"start":{"line":23,"column":0},"end":{"line":23,"column":43}},"23":{"start":{"line":24,"column":0},"end":{"line":24,"column":46}},"24":{"start":{"line":25,"column":0},"end":{"line":25,"column":41}},"25":{"start":{"line":26,"column":0},"end":{"line":26,"column":45}},"26":{"start":{"line":27,"column":0},"end":{"line":27,"column":17}},"27":{"start":{"line":28,"column":0},"end":{"line":28,"column":39}},"28":{"start":{"line":29,"column":0},"end":{"line":29,"column":38}},"29":{"start":{"line":30,"column":0},"end":{"line":30,"column":37}},"30":{"start":{"line":31,"column":0},"end":{"line":31,"column":38}},"31":{"start":{"line":32,"column":0},"end":{"line":32,"column":37}},"32":{"start":{"line":33,"column":0},"end":{"line":33,"column":39}},"33":{"start":{"line":34,"column":0},"end":{"line":34,"column":35}},"34":{"start":{"line":35,"column":0},"end":{"line":35,"column":38}},"35":{"start":{"line":36,"column":0},"end":{"line":36,"column":34}},"36":{"start":{"line":37,"column":0},"end":{"line":37,"column":18}},"37":{"start":{"line":38,"column":0},"end":{"line":38,"column":15}},"38":{"start":{"line":39,"column":0},"end":{"line":39,"column":22}},"39":{"start":{"line":40,"column":0},"end":{"line":40,"column":21}},"40":{"start":{"line":41,"column":0},"end":{"line":41,"column":20}},"41":{"start":{"line":42,"column":0},"end":{"line":42,"column":21}},"42":{"start":{"line":43,"column":0},"end":{"line":43,"column":16}},"43":{"start":{"line":44,"column":0},"end":{"line":44,"column":18}},"44":{"start":{"line":45,"column":0},"end":{"line":45,"column":24}},"45":{"start":{"line":46,"column":0},"end":{"line":46,"column":8}},"46":{"start":{"line":47,"column":0},"end":{"line":47,"column":23}},"47":{"start":{"line":48,"column":0},"end":{"line":48,"column":6}},"48":{"start":{"line":49,"column":0},"end":{"line":49,"column":3}},"49":{"start":{"line":50,"column":0},"end":{"line":50,"column":0}},"50":{"start":{"line":51,"column":0},"end":{"line":51,"column":19}},"51":{"start":{"line":52,"column":0},"end":{"line":52,"column":56}},"52":{"start":{"line":53,"column":0},"end":{"line":53,"column":0}},"53":{"start":{"line":54,"column":0},"end":{"line":54,"column":41}},"54":{"start":{"line":55,"column":0},"end":{"line":55,"column":57}},"55":{"start":{"line":56,"column":0},"end":{"line":56,"column":12}},"56":{"start":{"line":57,"column":0},"end":{"line":57,"column":96}},"57":{"start":{"line":58,"column":0},"end":{"line":58,"column":82}},"58":{"start":{"line":59,"column":0},"end":{"line":59,"column":7}},"59":{"start":{"line":60,"column":0},"end":{"line":60,"column":5}},"60":{"start":{"line":61,"column":0},"end":{"line":61,"column":0}},"61":{"start":{"line":62,"column":0},"end":{"line":62,"column":40}},"62":{"start":{"line":63,"column":0},"end":{"line":63,"column":55}},"63":{"start":{"line":64,"column":0},"end":{"line":64,"column":12}},"64":{"start":{"line":65,"column":0},"end":{"line":65,"column":94}},"65":{"start":{"line":66,"column":0},"end":{"line":66,"column":80}},"66":{"start":{"line":67,"column":0},"end":{"line":67,"column":7}},"67":{"start":{"line":68,"column":0},"end":{"line":68,"column":5}},"68":{"start":{"line":69,"column":0},"end":{"line":69,"column":40}},"69":{"start":{"line":70,"column":0},"end":{"line":70,"column":50}},"70":{"start":{"line":71,"column":0},"end":{"line":71,"column":71}},"71":{"start":{"line":72,"column":0},"end":{"line":72,"column":42}},"72":{"start":{"line":73,"column":0},"end":{"line":73,"column":5}},"73":{"start":{"line":74,"column":0},"end":{"line":74,"column":39}},"74":{"start":{"line":75,"column":0},"end":{"line":75,"column":52}},"75":{"start":{"line":76,"column":0},"end":{"line":76,"column":5}},"76":{"start":{"line":77,"column":0},"end":{"line":77,"column":77}},"77":{"start":{"line":78,"column":0},"end":{"line":78,"column":47}},"78":{"start":{"line":79,"column":0},"end":{"line":79,"column":5}},"79":{"start":{"line":80,"column":0},"end":{"line":80,"column":50}},"80":{"start":{"line":81,"column":0},"end":{"line":81,"column":48}},"81":{"start":{"line":82,"column":0},"end":{"line":82,"column":5}},"82":{"start":{"line":83,"column":0},"end":{"line":83,"column":42}},"83":{"start":{"line":84,"column":0},"end":{"line":84,"column":52}},"84":{"start":{"line":85,"column":0},"end":{"line":85,"column":5}},"85":{"start":{"line":86,"column":0},"end":{"line":86,"column":0}},"86":{"start":{"line":87,"column":0},"end":{"line":87,"column":18}},"87":{"start":{"line":88,"column":0},"end":{"line":88,"column":3}},"88":{"start":{"line":89,"column":0},"end":{"line":89,"column":0}},"89":{"start":{"line":90,"column":0},"end":{"line":90,"column":59}},"90":{"start":{"line":91,"column":0},"end":{"line":91,"column":23}},"91":{"start":{"line":92,"column":0},"end":{"line":92,"column":0}},"92":{"start":{"line":93,"column":0},"end":{"line":93,"column":40}},"93":{"start":{"line":94,"column":0},"end":{"line":94,"column":0}},"94":{"start":{"line":95,"column":0},"end":{"line":95,"column":43}},"95":{"start":{"line":96,"column":0},"end":{"line":96,"column":32}},"96":{"start":{"line":97,"column":0},"end":{"line":97,"column":13}},"97":{"start":{"line":98,"column":0},"end":{"line":98,"column":5}},"98":{"start":{"line":99,"column":0},"end":{"line":99,"column":37}},"99":{"start":{"line":100,"column":0},"end":{"line":100,"column":52}},"100":{"start":{"line":101,"column":0},"end":{"line":101,"column":50}},"101":{"start":{"line":102,"column":0},"end":{"line":102,"column":50}},"102":{"start":{"line":103,"column":0},"end":{"line":103,"column":66}},"103":{"start":{"line":104,"column":0},"end":{"line":104,"column":48}},"104":{"start":{"line":105,"column":0},"end":{"line":105,"column":44}},"105":{"start":{"line":106,"column":0},"end":{"line":106,"column":0}},"106":{"start":{"line":107,"column":0},"end":{"line":107,"column":64}},"107":{"start":{"line":108,"column":0},"end":{"line":108,"column":50}},"108":{"start":{"line":109,"column":0},"end":{"line":109,"column":85}},"109":{"start":{"line":110,"column":0},"end":{"line":110,"column":5}},"110":{"start":{"line":111,"column":0},"end":{"line":111,"column":0}},"111":{"start":{"line":112,"column":0},"end":{"line":112,"column":34}},"112":{"start":{"line":113,"column":0},"end":{"line":113,"column":39}},"113":{"start":{"line":114,"column":0},"end":{"line":114,"column":22}},"114":{"start":{"line":115,"column":0},"end":{"line":115,"column":42}},"115":{"start":{"line":116,"column":0},"end":{"line":116,"column":13}},"116":{"start":{"line":117,"column":0},"end":{"line":117,"column":31}},"117":{"start":{"line":118,"column":0},"end":{"line":118,"column":4}},"118":{"start":{"line":119,"column":0},"end":{"line":119,"column":0}},"119":{"start":{"line":120,"column":0},"end":{"line":120,"column":12}},"120":{"start":{"line":121,"column":0},"end":{"line":121,"column":12}},"121":{"start":{"line":122,"column":0},"end":{"line":122,"column":81}},"122":{"start":{"line":123,"column":0},"end":{"line":123,"column":42}},"123":{"start":{"line":124,"column":0},"end":{"line":124,"column":42}},"124":{"start":{"line":125,"column":0},"end":{"line":125,"column":33}},"125":{"start":{"line":126,"column":0},"end":{"line":126,"column":18}},"126":{"start":{"line":127,"column":0},"end":{"line":127,"column":34}},"127":{"start":{"line":128,"column":0},"end":{"line":128,"column":38}},"128":{"start":{"line":129,"column":0},"end":{"line":129,"column":25}},"129":{"start":{"line":130,"column":0},"end":{"line":130,"column":38}},"130":{"start":{"line":131,"column":0},"end":{"line":131,"column":38}},"131":{"start":{"line":132,"column":0},"end":{"line":132,"column":14}},"132":{"start":{"line":133,"column":0},"end":{"line":133,"column":45}},"133":{"start":{"line":134,"column":0},"end":{"line":134,"column":75}},"134":{"start":{"line":135,"column":0},"end":{"line":135,"column":14}},"135":{"start":{"line":136,"column":0},"end":{"line":136,"column":18}},"136":{"start":{"line":137,"column":0},"end":{"line":137,"column":0}},"137":{"start":{"line":138,"column":0},"end":{"line":138,"column":42}},"138":{"start":{"line":139,"column":0},"end":{"line":139,"column":32}},"139":{"start":{"line":140,"column":0},"end":{"line":140,"column":18}},"140":{"start":{"line":141,"column":0},"end":{"line":141,"column":33}},"141":{"start":{"line":142,"column":0},"end":{"line":142,"column":38}},"142":{"start":{"line":143,"column":0},"end":{"line":143,"column":25}},"143":{"start":{"line":144,"column":0},"end":{"line":144,"column":37}},"144":{"start":{"line":145,"column":0},"end":{"line":145,"column":14}},"145":{"start":{"line":146,"column":0},"end":{"line":146,"column":44}},"146":{"start":{"line":147,"column":0},"end":{"line":147,"column":74}},"147":{"start":{"line":148,"column":0},"end":{"line":148,"column":14}},"148":{"start":{"line":149,"column":0},"end":{"line":149,"column":18}},"149":{"start":{"line":150,"column":0},"end":{"line":150,"column":0}},"150":{"start":{"line":151,"column":0},"end":{"line":151,"column":42}},"151":{"start":{"line":152,"column":0},"end":{"line":152,"column":31}},"152":{"start":{"line":153,"column":0},"end":{"line":153,"column":18}},"153":{"start":{"line":154,"column":0},"end":{"line":154,"column":33}},"154":{"start":{"line":155,"column":0},"end":{"line":155,"column":37}},"155":{"start":{"line":156,"column":0},"end":{"line":156,"column":25}},"156":{"start":{"line":157,"column":0},"end":{"line":157,"column":37}},"157":{"start":{"line":158,"column":0},"end":{"line":158,"column":14}},"158":{"start":{"line":159,"column":0},"end":{"line":159,"column":44}},"159":{"start":{"line":160,"column":0},"end":{"line":160,"column":74}},"160":{"start":{"line":161,"column":0},"end":{"line":161,"column":14}},"161":{"start":{"line":162,"column":0},"end":{"line":162,"column":18}},"162":{"start":{"line":163,"column":0},"end":{"line":163,"column":0}},"163":{"start":{"line":164,"column":0},"end":{"line":164,"column":42}},"164":{"start":{"line":165,"column":0},"end":{"line":165,"column":25}},"165":{"start":{"line":166,"column":0},"end":{"line":166,"column":81}},"166":{"start":{"line":167,"column":0},"end":{"line":167,"column":40}},"167":{"start":{"line":168,"column":0},"end":{"line":168,"column":30}},"168":{"start":{"line":169,"column":0},"end":{"line":169,"column":23}},"169":{"start":{"line":170,"column":0},"end":{"line":170,"column":54}},"170":{"start":{"line":171,"column":0},"end":{"line":171,"column":54}},"171":{"start":{"line":172,"column":0},"end":{"line":172,"column":52}},"172":{"start":{"line":173,"column":0},"end":{"line":173,"column":21}},"173":{"start":{"line":174,"column":0},"end":{"line":174,"column":43}},"174":{"start":{"line":175,"column":0},"end":{"line":175,"column":73}},"175":{"start":{"line":176,"column":0},"end":{"line":176,"column":14}},"176":{"start":{"line":177,"column":0},"end":{"line":177,"column":18}},"177":{"start":{"line":178,"column":0},"end":{"line":178,"column":0}},"178":{"start":{"line":179,"column":0},"end":{"line":179,"column":49}},"179":{"start":{"line":180,"column":0},"end":{"line":180,"column":33}},"180":{"start":{"line":181,"column":0},"end":{"line":181,"column":49}},"181":{"start":{"line":182,"column":0},"end":{"line":182,"column":71}},"182":{"start":{"line":183,"column":0},"end":{"line":183,"column":20}},"183":{"start":{"line":184,"column":0},"end":{"line":184,"column":0}},"184":{"start":{"line":185,"column":0},"end":{"line":185,"column":49}},"185":{"start":{"line":186,"column":0},"end":{"line":186,"column":75}},"186":{"start":{"line":187,"column":0},"end":{"line":187,"column":20}},"187":{"start":{"line":188,"column":0},"end":{"line":188,"column":94}},"188":{"start":{"line":189,"column":0},"end":{"line":189,"column":16}},"189":{"start":{"line":190,"column":0},"end":{"line":190,"column":0}},"190":{"start":{"line":191,"column":0},"end":{"line":191,"column":42}},"191":{"start":{"line":192,"column":0},"end":{"line":192,"column":22}},"192":{"start":{"line":193,"column":0},"end":{"line":193,"column":18}},"193":{"start":{"line":194,"column":0},"end":{"line":194,"column":30}},"194":{"start":{"line":195,"column":0},"end":{"line":195,"column":38}},"195":{"start":{"line":196,"column":0},"end":{"line":196,"column":25}},"196":{"start":{"line":197,"column":0},"end":{"line":197,"column":40}},"197":{"start":{"line":198,"column":0},"end":{"line":198,"column":14}},"198":{"start":{"line":199,"column":0},"end":{"line":199,"column":98}},"199":{"start":{"line":200,"column":0},"end":{"line":200,"column":18}},"200":{"start":{"line":201,"column":0},"end":{"line":201,"column":0}},"201":{"start":{"line":202,"column":0},"end":{"line":202,"column":42}},"202":{"start":{"line":203,"column":0},"end":{"line":203,"column":88}},"203":{"start":{"line":204,"column":0},"end":{"line":204,"column":44}},"204":{"start":{"line":205,"column":0},"end":{"line":205,"column":74}},"205":{"start":{"line":206,"column":0},"end":{"line":206,"column":14}},"206":{"start":{"line":207,"column":0},"end":{"line":207,"column":18}},"207":{"start":{"line":208,"column":0},"end":{"line":208,"column":0}},"208":{"start":{"line":209,"column":0},"end":{"line":209,"column":59}},"209":{"start":{"line":210,"column":0},"end":{"line":210,"column":0}},"210":{"start":{"line":211,"column":0},"end":{"line":211,"column":55}},"211":{"start":{"line":212,"column":0},"end":{"line":212,"column":14}},"212":{"start":{"line":213,"column":0},"end":{"line":213,"column":13}},"213":{"start":{"line":214,"column":0},"end":{"line":214,"column":6}},"214":{"start":{"line":215,"column":0},"end":{"line":215,"column":3}},"215":{"start":{"line":216,"column":0},"end":{"line":216,"column":1}}},"s":{"0":1,"1":1,"2":1,"3":1,"4":1,"5":1,"6":1,"7":1,"8":1,"9":1,"10":1,"11":1,"12":1,"13":1,"14":1,"15":1,"16":1,"17":1,"18":1,"19":1,"20":1,"21":1,"22":1,"23":1,"24":1,"25":1,"26":1,"27":1,"28":1,"29":1,"30":1,"31":1,"32":1,"33":1,"34":1,"35":1,"36":1,"37":1,"38":1,"39":1,"40":1,"41":1,"42":1,"43":1,"44":1,"45":1,"46":1,"47":1,"48":1,"49":1,"50":1,"51":1,"52":1,"53":1,"54":1,"55":1,"56":0,"57":0,"58":0,"59":0,"60":1,"61":1,"62":1,"63":1,"64":0,"65":0,"66":0,"67":0,"68":1,"69":1,"70":1,"71":0,"72":0,"73":1,"74":1,"75":1,"76":1,"77":1,"78":1,"79":1,"80":1,"81":1,"82":1,"83":1,"84":1,"85":1,"86":1,"87":1,"88":1,"89":1,"90":1,"91":1,"92":1,"93":1,"94":1,"95":1,"96":1,"97":1,"98":0,"99":0,"100":1,"101":1,"102":1,"103":1,"104":1,"105":1,"106":1,"107":0,"108":0,"109":0,"110":0,"111":0,"112":0,"113":0,"114":0,"115":0,"116":1,"117":1,"118":1,"119":1,"120":2,"121":2,"122":2,"123":2,"124":2,"125":2,"126":2,"127":2,"128":2,"129":2,"130":2,"131":2,"132":2,"133":1,"134":2,"135":2,"136":2,"137":2,"138":2,"139":2,"140":2,"141":2,"142":2,"143":2,"144":2,"145":2,"146":1,"147":2,"148":2,"149":2,"150":2,"151":2,"152":2,"153":2,"154":2,"155":2,"156":2,"157":2,"158":2,"159":1,"160":2,"161":2,"162":2,"163":2,"164":2,"165":2,"166":2,"167":2,"168":2,"169":2,"170":2,"171":2,"172":2,"173":2,"174":1,"175":2,"176":2,"177":2,"178":2,"179":2,"180":2,"181":2,"182":2,"183":2,"184":2,"185":2,"186":2,"187":2,"188":2,"189":2,"190":2,"191":2,"192":2,"193":2,"194":2,"195":2,"196":2,"197":2,"198":2,"199":2,"200":2,"201":2,"202":2,"203":2,"204":1,"205":2,"206":2,"207":2,"208":2,"209":2,"210":2,"211":2,"212":2,"213":2,"214":2,"215":1},"branchMap":{"0":{"type":"branch","line":17,"loc":{"start":{"line":17,"column":2},"end":{"line":118,"column":4}},"locations":[{"start":{"line":17,"column":2},"end":{"line":118,"column":4}}]},"1":{"type":"branch","line":26,"loc":{"start":{"line":26,"column":2},"end":{"line":49,"column":3}},"locations":[{"start":{"line":26,"column":2},"end":{"line":49,"column":3}}]},"2":{"type":"branch","line":51,"loc":{"start":{"line":51,"column":2},"end":{"line":88,"column":3}},"locations":[{"start":{"line":51,"column":2},"end":{"line":88,"column":3}}]},"3":{"type":"branch","line":56,"loc":{"start":{"line":56,"column":4},"end":{"line":60,"column":5}},"locations":[{"start":{"line":56,"column":4},"end":{"line":60,"column":5}}]},"4":{"type":"branch","line":64,"loc":{"start":{"line":64,"column":4},"end":{"line":68,"column":5}},"locations":[{"start":{"line":64,"column":4},"end":{"line":68,"column":5}}]},"5":{"type":"branch","line":71,"loc":{"start":{"line":71,"column":4},"end":{"line":73,"column":5}},"locations":[{"start":{"line":71,"column":4},"end":{"line":73,"column":5}}]},"6":{"type":"branch","line":90,"loc":{"start":{"line":90,"column":17},"end":{"line":118,"column":4}},"locations":[{"start":{"line":90,"column":17},"end":{"line":118,"column":4}}]},"7":{"type":"branch","line":98,"loc":{"start":{"line":98,"column":4},"end":{"line":100,"column":52}},"locations":[{"start":{"line":98,"column":4},"end":{"line":100,"column":52}}]},"8":{"type":"branch","line":101,"loc":{"start":{"line":101,"column":35},"end":{"line":101,"column":50}},"locations":[{"start":{"line":101,"column":35},"end":{"line":101,"column":50}}]},"9":{"type":"branch","line":102,"loc":{"start":{"line":102,"column":35},"end":{"line":102,"column":50}},"locations":[{"start":{"line":102,"column":35},"end":{"line":102,"column":50}}]},"10":{"type":"branch","line":103,"loc":{"start":{"line":103,"column":29},"end":{"line":103,"column":48}},"locations":[{"start":{"line":103,"column":29},"end":{"line":103,"column":48}}]},"11":{"type":"branch","line":103,"loc":{"start":{"line":103,"column":38},"end":{"line":103,"column":57}},"locations":[{"start":{"line":103,"column":38},"end":{"line":103,"column":57}}]},"12":{"type":"branch","line":103,"loc":{"start":{"line":103,"column":48},"end":{"line":103,"column":66}},"locations":[{"start":{"line":103,"column":48},"end":{"line":103,"column":66}}]},"13":{"type":"branch","line":104,"loc":{"start":{"line":104,"column":33},"end":{"line":104,"column":48}},"locations":[{"start":{"line":104,"column":33},"end":{"line":104,"column":48}}]},"14":{"type":"branch","line":105,"loc":{"start":{"line":105,"column":29},"end":{"line":105,"column":44}},"locations":[{"start":{"line":105,"column":29},"end":{"line":105,"column":44}}]},"15":{"type":"branch","line":107,"loc":{"start":{"line":107,"column":8},"end":{"line":107,"column":30}},"locations":[{"start":{"line":107,"column":8},"end":{"line":107,"column":30}}]},"16":{"type":"branch","line":107,"loc":{"start":{"line":107,"column":17},"end":{"line":107,"column":42}},"locations":[{"start":{"line":107,"column":17},"end":{"line":107,"column":42}}]},"17":{"type":"branch","line":107,"loc":{"start":{"line":107,"column":30},"end":{"line":107,"column":54}},"locations":[{"start":{"line":107,"column":30},"end":{"line":107,"column":54}}]},"18":{"type":"branch","line":107,"loc":{"start":{"line":107,"column":42},"end":{"line":107,"column":63}},"locations":[{"start":{"line":107,"column":42},"end":{"line":107,"column":63}}]},"19":{"type":"branch","line":107,"loc":{"start":{"line":107,"column":63},"end":{"line":117,"column":29}},"locations":[{"start":{"line":107,"column":63},"end":{"line":117,"column":29}}]},"20":{"type":"branch","line":120,"loc":{"start":{"line":120,"column":2},"end":{"line":215,"column":3}},"locations":[{"start":{"line":120,"column":2},"end":{"line":215,"column":3}}]},"21":{"type":"branch","line":133,"loc":{"start":{"line":133,"column":31},"end":{"line":134,"column":75}},"locations":[{"start":{"line":133,"column":31},"end":{"line":134,"column":75}}]},"22":{"type":"branch","line":146,"loc":{"start":{"line":146,"column":31},"end":{"line":147,"column":74}},"locations":[{"start":{"line":146,"column":31},"end":{"line":147,"column":74}}]},"23":{"type":"branch","line":159,"loc":{"start":{"line":159,"column":31},"end":{"line":160,"column":74}},"locations":[{"start":{"line":159,"column":31},"end":{"line":160,"column":74}}]},"24":{"type":"branch","line":174,"loc":{"start":{"line":174,"column":31},"end":{"line":175,"column":73}},"locations":[{"start":{"line":174,"column":31},"end":{"line":175,"column":73}}]},"25":{"type":"branch","line":188,"loc":{"start":{"line":188,"column":31},"end":{"line":188,"column":94}},"locations":[{"start":{"line":188,"column":31},"end":{"line":188,"column":94}}]},"26":{"type":"branch","line":199,"loc":{"start":{"line":199,"column":31},"end":{"line":199,"column":98}},"locations":[{"start":{"line":199,"column":31},"end":{"line":199,"column":98}}]},"27":{"type":"branch","line":204,"loc":{"start":{"line":204,"column":31},"end":{"line":205,"column":74}},"locations":[{"start":{"line":204,"column":31},"end":{"line":205,"column":74}}]},"28":{"type":"branch","line":211,"loc":{"start":{"line":211,"column":22},"end":{"line":211,"column":55}},"locations":[{"start":{"line":211,"column":22},"end":{"line":211,"column":55}}]}},"b":{"0":[1],"1":[1],"2":[1],"3":[0],"4":[0],"5":[0],"6":[1],"7":[0],"8":[0],"9":[0],"10":[0],"11":[0],"12":[0],"13":[0],"14":[0],"15":[0],"16":[0],"17":[0],"18":[0],"19":[0],"20":[2],"21":[1],"22":[1],"23":[1],"24":[1],"25":[1],"26":[1],"27":[1],"28":[0]},"fnMap":{"0":{"name":"<instance_members_initializer>","decl":{"start":{"line":17,"column":2},"end":{"line":118,"column":4}},"loc":{"start":{"line":17,"column":2},"end":{"line":118,"column":4}},"line":17},"1":{"name":"RegistrationUserForm","decl":{"start":{"line":26,"column":2},"end":{"line":49,"column":3}},"loc":{"start":{"line":26,"column":2},"end":{"line":49,"column":3}},"line":26},"2":{"name":"validatedForm","decl":{"start":{"line":51,"column":2},"end":{"line":88,"column":3}},"loc":{"start":{"line":51,"column":2},"end":{"line":88,"column":3}},"line":51},"3":{"name":"handleSubmit","decl":{"start":{"line":90,"column":17},"end":{"line":118,"column":4}},"loc":{"start":{"line":90,"column":17},"end":{"line":118,"column":4}},"line":90},"4":{"name":"render","decl":{"start":{"line":120,"column":2},"end":{"line":215,"column":3}},"loc":{"start":{"line":120,"column":2},"end":{"line":215,"column":3}},"line":120}},"f":{"0":1,"1":1,"2":1,"3":1,"4":2}}
,"E:\\work\\rs\\react\\component\\deploy1\\React2023Q1\\src\\components\\Search\\Search.tsx": {"path":"E:\\work\\rs\\react\\component\\deploy1\\React2023Q1\\src\\components\\Search\\Search.tsx","all":false,"statementMap":{"0":{"start":{"line":1,"column":0},"end":{"line":1,"column":43}},"1":{"start":{"line":2,"column":0},"end":{"line":2,"column":0}},"2":{"start":{"line":3,"column":0},"end":{"line":3,"column":42}},"3":{"start":{"line":4,"column":0},"end":{"line":4,"column":0}},"4":{"start":{"line":5,"column":0},"end":{"line":5,"column":53}},"5":{"start":{"line":6,"column":0},"end":{"line":6,"column":24}},"6":{"start":{"line":7,"column":0},"end":{"line":7,"column":0}},"7":{"start":{"line":8,"column":0},"end":{"line":8,"column":29}},"8":{"start":{"line":9,"column":0},"end":{"line":9,"column":54}},"9":{"start":{"line":10,"column":0},"end":{"line":10,"column":49}},"10":{"start":{"line":11,"column":0},"end":{"line":11,"column":3}},"11":{"start":{"line":12,"column":0},"end":{"line":12,"column":0}},"12":{"start":{"line":13,"column":0},"end":{"line":13,"column":32}},"13":{"start":{"line":14,"column":0},"end":{"line":14,"column":58}},"14":{"start":{"line":15,"column":0},"end":{"line":15,"column":3}},"15":{"start":{"line":16,"column":0},"end":{"line":16,"column":0}},"16":{"start":{"line":17,"column":0},"end":{"line":17,"column":71}},"17":{"start":{"line":18,"column":0},"end":{"line":18,"column":49}},"18":{"start":{"line":19,"column":0},"end":{"line":19,"column":4}},"19":{"start":{"line":20,"column":0},"end":{"line":20,"column":0}},"20":{"start":{"line":21,"column":0},"end":{"line":21,"column":29}},"21":{"start":{"line":22,"column":0},"end":{"line":22,"column":12}},"22":{"start":{"line":23,"column":0},"end":{"line":23,"column":37}},"23":{"start":{"line":24,"column":0},"end":{"line":24,"column":14}},"24":{"start":{"line":25,"column":0},"end":{"line":25,"column":23}},"25":{"start":{"line":26,"column":0},"end":{"line":26,"column":34}},"26":{"start":{"line":27,"column":0},"end":{"line":27,"column":31}},"27":{"start":{"line":28,"column":0},"end":{"line":28,"column":43}},"28":{"start":{"line":29,"column":0},"end":{"line":29,"column":10}},"29":{"start":{"line":30,"column":0},"end":{"line":30,"column":12}},"30":{"start":{"line":31,"column":0},"end":{"line":31,"column":6}},"31":{"start":{"line":32,"column":0},"end":{"line":32,"column":3}},"32":{"start":{"line":33,"column":0},"end":{"line":33,"column":1}}},"s":{"0":1,"1":1,"2":1,"3":1,"4":1,"5":1,"6":1,"7":1,"8":1,"9":1,"10":1,"11":1,"12":1,"13":1,"14":1,"15":1,"16":1,"17":0,"18":0,"19":1,"20":1,"21":2,"22":2,"23":2,"24":2,"25":2,"26":2,"27":2,"28":2,"29":2,"30":2,"31":2,"32":1},"branchMap":{"0":{"type":"branch","line":6,"loc":{"start":{"line":6,"column":2},"end":{"line":19,"column":4}},"locations":[{"start":{"line":6,"column":2},"end":{"line":19,"column":4}}]},"1":{"type":"branch","line":8,"loc":{"start":{"line":8,"column":2},"end":{"line":11,"column":3}},"locations":[{"start":{"line":8,"column":2},"end":{"line":11,"column":3}}]},"2":{"type":"branch","line":10,"loc":{"start":{"line":10,"column":27},"end":{"line":10,"column":43}},"locations":[{"start":{"line":10,"column":27},"end":{"line":10,"column":43}}]},"3":{"type":"branch","line":13,"loc":{"start":{"line":13,"column":2},"end":{"line":15,"column":3}},"locations":[{"start":{"line":13,"column":2},"end":{"line":15,"column":3}}]},"4":{"type":"branch","line":21,"loc":{"start":{"line":21,"column":2},"end":{"line":32,"column":3}},"locations":[{"start":{"line":21,"column":2},"end":{"line":32,"column":3}}]}},"b":{"0":[1],"1":[1],"2":[0],"3":[1],"4":[2]},"fnMap":{"0":{"name":"<instance_members_initializer>","decl":{"start":{"line":6,"column":2},"end":{"line":19,"column":4}},"loc":{"start":{"line":6,"column":2},"end":{"line":19,"column":4}},"line":6},"1":{"name":"componentDidMount","decl":{"start":{"line":8,"column":2},"end":{"line":11,"column":3}},"loc":{"start":{"line":8,"column":2},"end":{"line":11,"column":3}},"line":8},"2":{"name":"componentWillUnmount","decl":{"start":{"line":13,"column":2},"end":{"line":15,"column":3}},"loc":{"start":{"line":13,"column":2},"end":{"line":15,"column":3}},"line":13},"3":{"name":"handleSearchValue","decl":{"start":{"line":17,"column":22},"end":{"line":19,"column":4}},"loc":{"start":{"line":17,"column":22},"end":{"line":19,"column":4}},"line":17},"4":{"name":"render","decl":{"start":{"line":21,"column":2},"end":{"line":32,"column":3}},"loc":{"start":{"line":21,"column":2},"end":{"line":32,"column":3}},"line":21}},"f":{"0":1,"1":1,"2":1,"3":0,"4":2}}
,"E:\\work\\rs\\react\\component\\deploy1\\React2023Q1\\src\\data\\data.ts": {"path":"E:\\work\\rs\\react\\component\\deploy1\\React2023Q1\\src\\data\\data.ts","all":false,"statementMap":{"0":{"start":{"line":1,"column":0},"end":{"line":1,"column":35}},"1":{"start":{"line":2,"column":0},"end":{"line":2,"column":0}},"2":{"start":{"line":3,"column":0},"end":{"line":3,"column":38}},"3":{"start":{"line":4,"column":0},"end":{"line":4,"column":3}},"4":{"start":{"line":5,"column":0},"end":{"line":5,"column":10}},"5":{"start":{"line":6,"column":0},"end":{"line":6,"column":32}},"6":{"start":{"line":7,"column":0},"end":{"line":7,"column":54}},"7":{"start":{"line":8,"column":0},"end":{"line":8,"column":20}},"8":{"start":{"line":9,"column":0},"end":{"line":9,"column":27}},"9":{"start":{"line":10,"column":0},"end":{"line":10,"column":16}},"10":{"start":{"line":11,"column":0},"end":{"line":11,"column":16}},"11":{"start":{"line":12,"column":0},"end":{"line":12,"column":17}},"12":{"start":{"line":13,"column":0},"end":{"line":13,"column":4}},"13":{"start":{"line":14,"column":0},"end":{"line":14,"column":3}},"14":{"start":{"line":15,"column":0},"end":{"line":15,"column":10}},"15":{"start":{"line":16,"column":0},"end":{"line":16,"column":32}},"16":{"start":{"line":17,"column":0},"end":{"line":17,"column":26}},"17":{"start":{"line":18,"column":0},"end":{"line":18,"column":20}},"18":{"start":{"line":19,"column":0},"end":{"line":19,"column":27}},"19":{"start":{"line":20,"column":0},"end":{"line":20,"column":15}},"20":{"start":{"line":21,"column":0},"end":{"line":21,"column":16}},"21":{"start":{"line":22,"column":0},"end":{"line":22,"column":17}},"22":{"start":{"line":23,"column":0},"end":{"line":23,"column":4}},"23":{"start":{"line":24,"column":0},"end":{"line":24,"column":3}},"24":{"start":{"line":25,"column":0},"end":{"line":25,"column":10}},"25":{"start":{"line":26,"column":0},"end":{"line":26,"column":38}},"26":{"start":{"line":27,"column":0},"end":{"line":27,"column":23}},"27":{"start":{"line":28,"column":0},"end":{"line":28,"column":17}},"28":{"start":{"line":29,"column":0},"end":{"line":29,"column":27}},"29":{"start":{"line":30,"column":0},"end":{"line":30,"column":16}},"30":{"start":{"line":31,"column":0},"end":{"line":31,"column":16}},"31":{"start":{"line":32,"column":0},"end":{"line":32,"column":17}},"32":{"start":{"line":33,"column":0},"end":{"line":33,"column":4}},"33":{"start":{"line":34,"column":0},"end":{"line":34,"column":3}},"34":{"start":{"line":35,"column":0},"end":{"line":35,"column":10}},"35":{"start":{"line":36,"column":0},"end":{"line":36,"column":38}},"36":{"start":{"line":37,"column":0},"end":{"line":37,"column":27}},"37":{"start":{"line":38,"column":0},"end":{"line":38,"column":22}},"38":{"start":{"line":39,"column":0},"end":{"line":39,"column":27}},"39":{"start":{"line":40,"column":0},"end":{"line":40,"column":15}},"40":{"start":{"line":41,"column":0},"end":{"line":41,"column":16}},"41":{"start":{"line":42,"column":0},"end":{"line":42,"column":17}},"42":{"start":{"line":43,"column":0},"end":{"line":43,"column":4}},"43":{"start":{"line":44,"column":0},"end":{"line":44,"column":3}},"44":{"start":{"line":45,"column":0},"end":{"line":45,"column":10}},"45":{"start":{"line":46,"column":0},"end":{"line":46,"column":32}},"46":{"start":{"line":47,"column":0},"end":{"line":47,"column":47}},"47":{"start":{"line":48,"column":0},"end":{"line":48,"column":22}},"48":{"start":{"line":49,"column":0},"end":{"line":49,"column":27}},"49":{"start":{"line":50,"column":0},"end":{"line":50,"column":16}},"50":{"start":{"line":51,"column":0},"end":{"line":51,"column":15}},"51":{"start":{"line":52,"column":0},"end":{"line":52,"column":17}},"52":{"start":{"line":53,"column":0},"end":{"line":53,"column":4}},"53":{"start":{"line":54,"column":0},"end":{"line":54,"column":3}},"54":{"start":{"line":55,"column":0},"end":{"line":55,"column":10}},"55":{"start":{"line":56,"column":0},"end":{"line":56,"column":31}},"56":{"start":{"line":57,"column":0},"end":{"line":57,"column":26}},"57":{"start":{"line":58,"column":0},"end":{"line":58,"column":22}},"58":{"start":{"line":59,"column":0},"end":{"line":59,"column":27}},"59":{"start":{"line":60,"column":0},"end":{"line":60,"column":15}},"60":{"start":{"line":61,"column":0},"end":{"line":61,"column":16}},"61":{"start":{"line":62,"column":0},"end":{"line":62,"column":17}},"62":{"start":{"line":63,"column":0},"end":{"line":63,"column":4}},"63":{"start":{"line":64,"column":0},"end":{"line":64,"column":3}},"64":{"start":{"line":65,"column":0},"end":{"line":65,"column":10}},"65":{"start":{"line":66,"column":0},"end":{"line":66,"column":31}},"66":{"start":{"line":67,"column":0},"end":{"line":67,"column":19}},"67":{"start":{"line":68,"column":0},"end":{"line":68,"column":20}},"68":{"start":{"line":69,"column":0},"end":{"line":69,"column":27}},"69":{"start":{"line":70,"column":0},"end":{"line":70,"column":15}},"70":{"start":{"line":71,"column":0},"end":{"line":71,"column":16}},"71":{"start":{"line":72,"column":0},"end":{"line":72,"column":17}},"72":{"start":{"line":73,"column":0},"end":{"line":73,"column":4}},"73":{"start":{"line":74,"column":0},"end":{"line":74,"column":3}},"74":{"start":{"line":75,"column":0},"end":{"line":75,"column":10}},"75":{"start":{"line":76,"column":0},"end":{"line":76,"column":31}},"76":{"start":{"line":77,"column":0},"end":{"line":77,"column":21}},"77":{"start":{"line":78,"column":0},"end":{"line":78,"column":20}},"78":{"start":{"line":79,"column":0},"end":{"line":79,"column":27}},"79":{"start":{"line":80,"column":0},"end":{"line":80,"column":15}},"80":{"start":{"line":81,"column":0},"end":{"line":81,"column":15}},"81":{"start":{"line":82,"column":0},"end":{"line":82,"column":17}},"82":{"start":{"line":83,"column":0},"end":{"line":83,"column":4}},"83":{"start":{"line":84,"column":0},"end":{"line":84,"column":2}}},"s":{"0":1,"1":1,"2":1,"3":1,"4":1,"5":1,"6":1,"7":1,"8":1,"9":1,"10":1,"11":1,"12":1,"13":1,"14":1,"15":1,"16":1,"17":1,"18":1,"19":1,"20":1,"21":1,"22":1,"23":1,"24":1,"25":1,"26":1,"27":1,"28":1,"29":1,"30":1,"31":1,"32":1,"33":1,"34":1,"35":1,"36":1,"37":1,"38":1,"39":1,"40":1,"41":1,"42":1,"43":1,"44":1,"45":1,"46":1,"47":1,"48":1,"49":1,"50":1,"51":1,"52":1,"53":1,"54":1,"55":1,"56":1,"57":1,"58":1,"59":1,"60":1,"61":1,"62":1,"63":1,"64":1,"65":1,"66":1,"67":1,"68":1,"69":1,"70":1,"71":1,"72":1,"73":1,"74":1,"75":1,"76":1,"77":1,"78":1,"79":1,"80":1,"81":1,"82":1,"83":1},"branchMap":{"0":{"type":"branch","line":84,"loc":{"start":{"line":84,"column":0},"end":{"line":84,"column":2}},"locations":[{"start":{"line":84,"column":0},"end":{"line":84,"column":2}}]}},"b":{"0":[1]},"fnMap":{"0":{"name":"get","decl":{"start":{"line":84,"column":0},"end":{"line":84,"column":2}},"loc":{"start":{"line":84,"column":0},"end":{"line":84,"column":2}},"line":84}},"f":{"0":1}}
,"E:\\work\\rs\\react\\component\\deploy1\\React2023Q1\\src\\pages\\AboutPage\\AboutUs.tsx": {"path":"E:\\work\\rs\\react\\component\\deploy1\\React2023Q1\\src\\pages\\AboutPage\\AboutUs.tsx","all":false,"statementMap":{"0":{"start":{"line":1,"column":0},"end":{"line":1,"column":26}},"1":{"start":{"line":2,"column":0},"end":{"line":2,"column":0}},"2":{"start":{"line":3,"column":0},"end":{"line":3,"column":43}},"3":{"start":{"line":4,"column":0},"end":{"line":4,"column":0}},"4":{"start":{"line":5,"column":0},"end":{"line":5,"column":54}},"5":{"start":{"line":6,"column":0},"end":{"line":6,"column":12}},"6":{"start":{"line":7,"column":0},"end":{"line":7,"column":56}},"7":{"start":{"line":8,"column":0},"end":{"line":8,"column":3}},"8":{"start":{"line":9,"column":0},"end":{"line":9,"column":1}}},"s":{"0":1,"1":1,"2":1,"3":1,"4":1,"5":1,"6":1,"7":1,"8":1},"branchMap":{"0":{"type":"branch","line":6,"loc":{"start":{"line":6,"column":2},"end":{"line":8,"column":3}},"locations":[{"start":{"line":6,"column":2},"end":{"line":8,"column":3}}]}},"b":{"0":[1]},"fnMap":{"0":{"name":"render","decl":{"start":{"line":6,"column":2},"end":{"line":8,"column":3}},"loc":{"start":{"line":6,"column":2},"end":{"line":8,"column":3}},"line":6}},"f":{"0":1}}
,"E:\\work\\rs\\react\\component\\deploy1\\React2023Q1\\src\\pages\\ErrorPage\\ErrorPage.tsx": {"path":"E:\\work\\rs\\react\\component\\deploy1\\React2023Q1\\src\\pages\\ErrorPage\\ErrorPage.tsx","all":false,"statementMap":{"0":{"start":{"line":1,"column":0},"end":{"line":1,"column":26}},"1":{"start":{"line":2,"column":0},"end":{"line":2,"column":0}},"2":{"start":{"line":3,"column":0},"end":{"line":3,"column":45}},"3":{"start":{"line":4,"column":0},"end":{"line":4,"column":0}},"4":{"start":{"line":5,"column":0},"end":{"line":5,"column":56}},"5":{"start":{"line":6,"column":0},"end":{"line":6,"column":12}},"6":{"start":{"line":7,"column":0},"end":{"line":7,"column":60}},"7":{"start":{"line":8,"column":0},"end":{"line":8,"column":3}},"8":{"start":{"line":9,"column":0},"end":{"line":9,"column":1}}},"s":{"0":1,"1":1,"2":1,"3":1,"4":1,"5":1,"6":2,"7":2,"8":1},"branchMap":{"0":{"type":"branch","line":6,"loc":{"start":{"line":6,"column":2},"end":{"line":8,"column":3}},"locations":[{"start":{"line":6,"column":2},"end":{"line":8,"column":3}}]}},"b":{"0":[2]},"fnMap":{"0":{"name":"render","decl":{"start":{"line":6,"column":2},"end":{"line":8,"column":3}},"loc":{"start":{"line":6,"column":2},"end":{"line":8,"column":3}},"line":6}},"f":{"0":2}}
,"E:\\work\\rs\\react\\component\\deploy1\\React2023Q1\\src\\pages\\FormPage\\FormPage.tsx": {"path":"E:\\work\\rs\\react\\component\\deploy1\\React2023Q1\\src\\pages\\FormPage\\FormPage.tsx","all":false,"statementMap":{"0":{"start":{"line":1,"column":0},"end":{"line":1,"column":94}},"1":{"start":{"line":2,"column":0},"end":{"line":2,"column":73}},"2":{"start":{"line":3,"column":0},"end":{"line":3,"column":26}},"3":{"start":{"line":4,"column":0},"end":{"line":4,"column":0}},"4":{"start":{"line":5,"column":0},"end":{"line":5,"column":44}},"5":{"start":{"line":6,"column":0},"end":{"line":6,"column":0}},"6":{"start":{"line":7,"column":0},"end":{"line":7,"column":35}},"7":{"start":{"line":8,"column":0},"end":{"line":8,"column":13}},"8":{"start":{"line":9,"column":0},"end":{"line":9,"column":20}},"9":{"start":{"line":10,"column":0},"end":{"line":10,"column":19}},"10":{"start":{"line":11,"column":0},"end":{"line":11,"column":19}},"11":{"start":{"line":12,"column":0},"end":{"line":12,"column":14}},"12":{"start":{"line":13,"column":0},"end":{"line":13,"column":18}},"13":{"start":{"line":14,"column":0},"end":{"line":14,"column":16}},"14":{"start":{"line":15,"column":0},"end":{"line":15,"column":1}},"15":{"start":{"line":16,"column":0},"end":{"line":16,"column":0}},"16":{"start":{"line":17,"column":0},"end":{"line":17,"column":55}},"17":{"start":{"line":18,"column":0},"end":{"line":18,"column":55}},"18":{"start":{"line":19,"column":0},"end":{"line":19,"column":0}},"19":{"start":{"line":20,"column":0},"end":{"line":20,"column":41}},"20":{"start":{"line":21,"column":0},"end":{"line":21,"column":58}},"21":{"start":{"line":22,"column":0},"end":{"line":22,"column":4}},"22":{"start":{"line":23,"column":0},"end":{"line":23,"column":12}},"23":{"start":{"line":24,"column":0},"end":{"line":24,"column":12}},"24":{"start":{"line":25,"column":0},"end":{"line":25,"column":39}},"25":{"start":{"line":26,"column":0},"end":{"line":26,"column":42}},"26":{"start":{"line":27,"column":0},"end":{"line":27,"column":63}},"27":{"start":{"line":28,"column":0},"end":{"line":28,"column":57}},"28":{"start":{"line":29,"column":0},"end":{"line":29,"column":52}},"29":{"start":{"line":30,"column":0},"end":{"line":30,"column":14}},"30":{"start":{"line":31,"column":0},"end":{"line":31,"column":12}},"31":{"start":{"line":32,"column":0},"end":{"line":32,"column":6}},"32":{"start":{"line":33,"column":0},"end":{"line":33,"column":3}},"33":{"start":{"line":34,"column":0},"end":{"line":34,"column":1}}},"s":{"0":1,"1":1,"2":1,"3":1,"4":1,"5":1,"6":1,"7":1,"8":1,"9":1,"10":1,"11":1,"12":1,"13":1,"14":1,"15":1,"16":1,"17":1,"18":0,"19":0,"20":0,"21":0,"22":1,"23":0,"24":0,"25":0,"26":0,"27":0,"28":0,"29":0,"30":0,"31":0,"32":0,"33":1},"branchMap":{},"b":{},"fnMap":{"0":{"name":"<instance_members_initializer>","decl":{"start":{"line":18,"column":2},"end":{"line":22,"column":4}},"loc":{"start":{"line":18,"column":2},"end":{"line":22,"column":4}},"line":18},"1":{"name":"render","decl":{"start":{"line":23,"column":2},"end":{"line":33,"column":3}},"loc":{"start":{"line":23,"column":2},"end":{"line":33,"column":3}},"line":23}},"f":{"0":0,"1":0}}
,"E:\\work\\rs\\react\\component\\deploy1\\React2023Q1\\src\\pages\\MainPage\\MainPage.tsx": {"path":"E:\\work\\rs\\react\\component\\deploy1\\React2023Q1\\src\\pages\\MainPage\\MainPage.tsx","all":false,"statementMap":{"0":{"start":{"line":1,"column":0},"end":{"line":1,"column":26}},"1":{"start":{"line":2,"column":0},"end":{"line":2,"column":49}},"2":{"start":{"line":3,"column":0},"end":{"line":3,"column":52}},"3":{"start":{"line":4,"column":0},"end":{"line":4,"column":0}},"4":{"start":{"line":5,"column":0},"end":{"line":5,"column":40}},"5":{"start":{"line":6,"column":0},"end":{"line":6,"column":0}},"6":{"start":{"line":7,"column":0},"end":{"line":7,"column":55}},"7":{"start":{"line":8,"column":0},"end":{"line":8,"column":12}},"8":{"start":{"line":9,"column":0},"end":{"line":9,"column":12}},"9":{"start":{"line":10,"column":0},"end":{"line":10,"column":35}},"10":{"start":{"line":11,"column":0},"end":{"line":11,"column":18}},"11":{"start":{"line":12,"column":0},"end":{"line":12,"column":17}},"12":{"start":{"line":13,"column":0},"end":{"line":13,"column":12}},"13":{"start":{"line":14,"column":0},"end":{"line":14,"column":6}},"14":{"start":{"line":15,"column":0},"end":{"line":15,"column":3}},"15":{"start":{"line":16,"column":0},"end":{"line":16,"column":1}}},"s":{"0":1,"1":1,"2":1,"3":1,"4":1,"5":1,"6":1,"7":1,"8":0,"9":0,"10":0,"11":0,"12":0,"13":0,"14":0,"15":1},"branchMap":{},"b":{},"fnMap":{"0":{"name":"render","decl":{"start":{"line":8,"column":2},"end":{"line":15,"column":3}},"loc":{"start":{"line":8,"column":2},"end":{"line":15,"column":3}},"line":8}},"f":{"0":0}}
,"E:\\work\\rs\\react\\component\\deploy1\\React2023Q1\\src\\utils\\withRoute.tsx": {"path":"E:\\work\\rs\\react\\component\\deploy1\\React2023Q1\\src\\utils\\withRoute.tsx","all":false,"statementMap":{"0":{"start":{"line":1,"column":0},"end":{"line":1,"column":26}},"1":{"start":{"line":2,"column":0},"end":{"line":2,"column":71}},"2":{"start":{"line":3,"column":0},"end":{"line":3,"column":0}},"3":{"start":{"line":4,"column":0},"end":{"line":4,"column":34}},"4":{"start":{"line":5,"column":0},"end":{"line":5,"column":43}},"5":{"start":{"line":6,"column":0},"end":{"line":6,"column":33}},"6":{"start":{"line":7,"column":0},"end":{"line":7,"column":43}},"7":{"start":{"line":8,"column":0},"end":{"line":8,"column":1}},"8":{"start":{"line":9,"column":0},"end":{"line":9,"column":0}},"9":{"start":{"line":10,"column":0},"end":{"line":10,"column":58}},"10":{"start":{"line":11,"column":0},"end":{"line":11,"column":39}},"11":{"start":{"line":12,"column":0},"end":{"line":12,"column":6}},"12":{"start":{"line":13,"column":0},"end":{"line":13,"column":57}},"13":{"start":{"line":14,"column":0},"end":{"line":14,"column":35}},"14":{"start":{"line":15,"column":0},"end":{"line":15,"column":31}},"15":{"start":{"line":16,"column":0},"end":{"line":16,"column":35}},"16":{"start":{"line":17,"column":0},"end":{"line":17,"column":0}},"17":{"start":{"line":18,"column":0},"end":{"line":18,"column":12}},"18":{"start":{"line":19,"column":0},"end":{"line":19,"column":97}},"19":{"start":{"line":20,"column":0},"end":{"line":20,"column":6}},"20":{"start":{"line":21,"column":0},"end":{"line":21,"column":4}},"21":{"start":{"line":22,"column":0},"end":{"line":22,"column":2}}},"s":{"0":1,"1":1,"2":1,"3":1,"4":1,"5":1,"6":1,"7":1,"8":1,"9":1,"10":1,"11":1,"12":1,"13":1,"14":1,"15":1,"16":1,"17":1,"18":1,"19":1,"20":1,"21":1},"branchMap":{"0":{"type":"branch","line":10,"loc":{"start":{"line":10,"column":26},"end":{"line":22,"column":2}},"locations":[{"start":{"line":10,"column":26},"end":{"line":22,"column":2}}]},"1":{"type":"branch","line":13,"loc":{"start":{"line":13,"column":9},"end":{"line":21,"column":4}},"locations":[{"start":{"line":13,"column":9},"end":{"line":21,"column":4}}]},"2":{"type":"branch","line":22,"loc":{"start":{"line":22,"column":0},"end":{"line":22,"column":2}},"locations":[{"start":{"line":22,"column":0},"end":{"line":22,"column":2}}]}},"b":{"0":[1],"1":[1],"2":[1]},"fnMap":{"0":{"name":"withRouter","decl":{"start":{"line":10,"column":26},"end":{"line":22,"column":2}},"loc":{"start":{"line":10,"column":26},"end":{"line":22,"column":2}},"line":10},"1":{"name":"get","decl":{"start":{"line":22,"column":0},"end":{"line":22,"column":2}},"loc":{"start":{"line":22,"column":0},"end":{"line":22,"column":2}},"line":22}},"f":{"0":1,"1":1}}
}
